2026-06-29 16:30:51.726922 | OPTIONS /users/login | status=200
2026-06-29 16:32:30.556062 | OPTIONS /users/register | status=200
2026-06-29 16:39:14.610834 | GET /docs | status=200
2026-06-29 16:39:14.980318 | GET /openapi.json | status=200
2026-07-08 15:44:10.519520 | GET / | status=200
2026-07-08 15:44:10.672238 | GET /favicon.ico | status=404
2026-07-08 15:44:28.854251 | GET / | status=200
2026-07-08 15:44:28.955963 | GET /favicon.ico | status=404
2026-07-08 15:47:43.953572 | OPTIONS /users/register | status=200
2026-07-08 15:47:44.294185 | POST /users/register | status=201
2026-07-08 15:48:40.480498 | OPTIONS /users/login | status=200
2026-07-08 15:48:40.837227 | POST /users/login | status=200
2026-07-08 15:48:40.906169 | OPTIONS /tasks/ | status=200
2026-07-08 15:48:40.908310 | OPTIONS /tasks/ | status=200
2026-07-08 15:48:40.920232 | GET /tasks/ | status=200
2026-07-08 15:48:40.935876 | GET /tasks/ | status=200
2026-07-08 15:48:52.210782 | OPTIONS /tasks/ | status=200
2026-07-08 15:48:52.220801 | GET /tasks/ | status=200
2026-07-08 15:48:55.062504 | OPTIONS /users/ | status=200
2026-07-08 15:48:55.064242 | OPTIONS /users/ | status=200
2026-07-08 15:48:55.068959 | GET /users/ | status=200
2026-07-08 15:48:55.075937 | GET /users/ | status=200
2026-07-08 15:48:59.024191 | GET /tasks/ | status=200
2026-07-08 15:48:59.035196 | GET /tasks/ | status=200
2026-07-08 15:55:14.264242 | OPTIONS /users/login | status=200
2026-07-08 15:55:15.064557 | POST /users/login | status=200
2026-07-08 15:55:15.181523 | OPTIONS /tasks/ | status=200
2026-07-08 15:55:15.184580 | OPTIONS /tasks/ | status=200
2026-07-08 15:55:15.197099 | GET /tasks/ | status=200
2026-07-08 15:55:15.214013 | GET /tasks/ | status=200
2026-07-08 15:55:19.125816 | OPTIONS /projects/ | status=200
2026-07-08 15:55:19.127699 | OPTIONS /projects/ | status=200
2026-07-08 15:55:19.172005 | GET /projects/ | status=200
2026-07-08 15:55:19.186494 | GET /projects/ | status=200
2026-07-08 15:55:21.021555 | OPTIONS /users/ | status=200
2026-07-08 15:55:21.023694 | OPTIONS /users/ | status=200
2026-07-08 15:55:21.032982 | GET /users/ | status=200
2026-07-08 15:55:21.043796 | GET /users/ | status=200
2026-07-08 15:55:22.133736 | GET /tasks/ | status=200
2026-07-08 15:55:22.146483 | GET /tasks/ | status=200
2026-07-08 16:15:31.555163 | OPTIONS /users/login | status=200
2026-07-08 16:15:31.875884 | POST /users/login | status=200
2026-07-08 16:15:31.921367 | OPTIONS /tasks/ | status=200
2026-07-08 16:15:31.922302 | OPTIONS /tasks/ | status=200
2026-07-08 16:15:31.927675 | GET /tasks/ | status=200
2026-07-08 16:15:31.933204 | GET /tasks/ | status=200
2026-07-08 16:15:39.077203 | OPTIONS /projects/ | status=200
2026-07-08 16:15:39.080863 | OPTIONS /projects/ | status=200
2026-07-08 16:15:39.089837 | GET /projects/ | status=200
2026-07-08 16:15:39.098755 | GET /projects/ | status=200
2026-07-08 16:15:44.041684 | OPTIONS /users/ | status=200
2026-07-08 16:15:44.043929 | OPTIONS /users/ | status=200
2026-07-08 16:15:44.054607 | GET /users/ | status=200
2026-07-08 16:15:44.066096 | GET /users/ | status=200
2026-07-08 16:15:45.360754 | GET /tasks/ | status=200
2026-07-08 16:15:45.372070 | GET /tasks/ | status=200
2026-07-08 16:17:31.850007 | OPTIONS /users/login | status=200
2026-07-08 16:17:32.196802 | POST /users/login | status=200
2026-07-08 16:17:32.249318 | GET /tasks/ | status=200
2026-07-08 16:17:32.258809 | GET /tasks/ | status=200
2026-07-08 16:17:35.417511 | GET /projects/ | status=200
2026-07-08 16:17:35.424688 | GET /projects/ | status=200
2026-07-08 16:18:53.762960 | OPTIONS /users/login | status=200
2026-07-08 16:18:54.076095 | POST /users/login | status=200
2026-07-08 16:18:54.150415 | OPTIONS /tasks/ | status=200
2026-07-08 16:18:54.152430 | OPTIONS /tasks/ | status=200
2026-07-08 16:18:54.158989 | GET /tasks/ | status=200
2026-07-08 16:18:54.166783 | GET /tasks/ | status=200
2026-07-08 16:18:55.748222 | OPTIONS /projects/ | status=200
2026-07-08 16:18:55.750220 | OPTIONS /projects/ | status=200
2026-07-08 16:18:55.760183 | GET /projects/ | status=200
2026-07-08 16:18:55.771273 | GET /projects/ | status=200
2026-07-08 16:21:27.773695 | OPTIONS /projects/ | status=200
2026-07-08 16:25:15.060013 | GET /projects/ | status=200
2026-07-08 16:25:15.078361 | GET /projects/ | status=200
2026-07-08 16:25:36.715353 | POST /projects/ | status=201
2026-07-08 16:25:36.728345 | GET /projects/ | status=200
2026-07-08 16:25:44.414225 | GET /tasks/ | status=200
2026-07-08 16:25:44.425567 | GET /tasks/ | status=200
2026-07-08 16:25:48.659874 | GET /projects/ | status=200
2026-07-08 16:25:48.671791 | GET /projects/ | status=200
2026-07-08 16:30:19.867079 | OPTIONS /tasks/ | status=200
2026-07-08 16:31:02.804100 | POST /tasks/ | status=201
2026-07-08 16:31:02.821177 | GET /tasks/ | status=200
2026-07-08 16:31:21.135503 | OPTIONS /tasks/ | status=200
2026-07-08 16:31:21.147009 | GET /tasks/ | status=200
2026-07-08 16:31:22.528123 | OPTIONS /tasks/ | status=200
2026-07-08 16:31:22.539356 | GET /tasks/ | status=200
2026-07-08 16:31:23.716436 | OPTIONS /tasks/ | status=200
2026-07-08 16:31:23.730843 | GET /tasks/ | status=200
2026-07-08 16:31:25.051559 | GET /tasks/ | status=200
2026-07-08 16:32:03.451003 | POST /tasks/ | status=201
2026-07-08 16:32:03.462973 | GET /tasks/ | status=200
2026-07-08 16:32:27.178470 | POST /tasks/ | status=201
2026-07-08 16:32:27.190391 | GET /tasks/ | status=200
2026-07-08 16:32:29.786776 | GET /tasks/ | status=200
2026-07-08 16:32:31.267431 | GET /tasks/ | status=200
2026-07-08 16:32:32.648914 | GET /tasks/ | status=200
2026-07-08 16:32:34.023210 | GET /tasks/ | status=200
2026-07-08 16:32:41.827301 | OPTIONS /tasks/ | status=200
2026-07-08 16:32:41.876383 | GET /tasks/ | status=200
2026-07-08 16:32:43.034033 | OPTIONS /tasks/ | status=200
2026-07-08 16:32:43.044926 | GET /tasks/ | status=200
2026-07-08 16:32:44.582020 | OPTIONS /tasks/ | status=200
2026-07-08 16:32:44.592820 | GET /tasks/ | status=200
2026-07-08 16:32:50.033590 | OPTIONS /users/ | status=200
2026-07-08 16:32:50.035888 | OPTIONS /users/ | status=200
2026-07-08 16:32:50.049324 | GET /users/ | status=200
2026-07-08 16:32:50.060779 | GET /users/ | status=200
2026-07-08 16:32:55.037887 | GET /tasks/ | status=200
2026-07-08 16:32:55.050932 | GET /tasks/ | status=200
2026-07-08 16:32:56.222650 | GET /users/ | status=200
2026-07-08 16:32:56.233646 | GET /users/ | status=200
2026-07-08 16:32:57.026223 | OPTIONS /projects/ | status=200
2026-07-08 16:32:57.031104 | OPTIONS /projects/ | status=200
2026-07-08 16:32:57.041844 | GET /projects/ | status=200
2026-07-08 16:32:57.054651 | GET /projects/ | status=200
2026-07-08 16:32:58.327336 | GET /tasks/ | status=200
2026-07-08 16:32:58.338328 | GET /tasks/ | status=200
2026-07-08 16:33:44.449419 | OPTIONS /users/register | status=200
2026-07-08 16:33:45.157099 | POST /users/register | status=201
2026-07-08 16:34:18.452473 | POST /users/register | status=201
2026-07-08 16:34:45.781286 | OPTIONS /users/login | status=200
2026-07-08 16:34:45.797955 | POST /users/login | status=401
2026-07-08 16:34:50.046646 | POST /users/login | status=401
2026-07-08 16:34:52.986325 | POST /users/login | status=401
2026-07-08 16:35:01.140158 | POST /users/login | status=401
2026-07-08 16:35:02.312760 | POST /users/login | status=401
2026-07-08 16:35:02.964960 | POST /users/login | status=401
2026-07-08 16:35:22.878479 | POST /users/login | status=401
2026-07-08 16:35:28.034344 | POST /users/login | status=401
2026-07-08 16:36:00.738836 | POST /users/register | status=201
2026-07-08 16:36:20.158250 | POST /users/login | status=200
2026-07-08 16:36:20.183764 | GET /tasks/ | status=200
2026-07-08 16:36:20.193456 | GET /tasks/ | status=200
2026-07-08 16:36:23.452710 | GET /users/ | status=200
2026-07-08 16:36:23.469557 | GET /users/ | status=200
2026-07-08 16:36:32.318190 | GET /tasks/ | status=200
2026-07-08 16:36:32.334429 | GET /tasks/ | status=200
2026-07-08 16:36:35.105748 | GET /tasks/ | status=200
2026-07-08 16:36:36.491916 | OPTIONS /tasks/ | status=200
2026-07-08 16:36:36.548977 | GET /tasks/ | status=200
2026-07-08 16:36:41.028439 | GET /projects/ | status=200
2026-07-08 16:36:41.042400 | GET /projects/ | status=200
2026-07-08 16:37:22.526376 | OPTIONS /projects/ | status=200
2026-07-08 16:37:22.602383 | POST /projects/ | status=201
2026-07-08 16:37:22.621028 | GET /projects/ | status=200
2026-07-08 16:37:36.103953 | POST /projects/ | status=201
2026-07-08 16:37:36.121098 | GET /projects/ | status=200
2026-07-08 17:07:06.901578 | OPTIONS /projects/ | status=200
2026-07-08 17:07:06.905978 | OPTIONS /projects/ | status=200
2026-07-08 17:07:06.919527 | GET /projects/ | status=200
2026-07-08 17:07:06.946707 | GET /projects/ | status=200
2026-07-08 17:19:14.092703 | OPTIONS /projects/ | status=200
2026-07-08 17:19:14.095244 | OPTIONS /projects/ | status=200
2026-07-08 17:19:14.101529 | GET /projects/ | status=200
2026-07-08 17:19:14.107480 | GET /projects/ | status=200
2026-07-08 17:21:08.025951 | GET /projects/ | status=200
2026-07-08 17:21:08.034464 | GET /projects/ | status=200
2026-07-08 17:21:10.200767 | OPTIONS /tasks/ | status=200
2026-07-08 17:21:10.207465 | OPTIONS /tasks/ | status=200
2026-07-08 17:21:10.219347 | GET /tasks/ | status=200
2026-07-08 17:21:10.232141 | GET /tasks/ | status=200
2026-07-08 17:21:10.857737 | OPTIONS /users/ | status=200
2026-07-08 17:21:10.860511 | OPTIONS /users/ | status=200
2026-07-08 17:21:10.887157 | GET /users/ | status=200
2026-07-08 17:21:10.899800 | GET /users/ | status=200
2026-07-08 17:21:11.247449 | GET /tasks/ | status=200
2026-07-08 17:21:11.261377 | GET /tasks/ | status=200
2026-07-08 17:21:47.843514 | OPTIONS /users/register | status=200
2026-07-08 17:21:48.560490 | POST /users/register | status=201
2026-07-08 17:22:26.166638 | OPTIONS /users/login | status=200
2026-07-08 17:22:26.213928 | POST /users/login | status=422
2026-07-08 17:22:44.849647 | POST /users/login | status=200
2026-07-08 17:22:44.874557 | GET /tasks/ | status=200
2026-07-08 17:22:44.882240 | GET /tasks/ | status=200
2026-07-08 17:22:51.029839 | GET /projects/ | status=200
2026-07-08 17:22:51.043138 | GET /projects/ | status=200
2026-07-08 17:22:53.658940 | GET /tasks/ | status=200
2026-07-08 17:22:53.674315 | GET /tasks/ | status=200
2026-07-08 17:22:55.909398 | OPTIONS /tasks/ | status=200
2026-07-08 17:22:55.921085 | GET /tasks/ | status=200
2026-07-08 17:22:57.094525 | OPTIONS /tasks/ | status=200
2026-07-08 17:22:57.107014 | GET /tasks/ | status=200
2026-07-08 17:22:58.567545 | OPTIONS /tasks/ | status=200
2026-07-08 17:22:58.580333 | GET /tasks/ | status=200
2026-07-08 17:22:59.889017 | OPTIONS /tasks/ | status=200
2026-07-08 17:22:59.940094 | GET /tasks/ | status=200
2026-07-08 17:23:01.476936 | OPTIONS /tasks/ | status=200
2026-07-08 17:23:01.486218 | GET /tasks/ | status=200
2026-07-08 17:23:03.788740 | OPTIONS /tasks/ | status=200
2026-07-08 17:23:03.799678 | GET /tasks/ | status=200
2026-07-08 17:23:06.083791 | OPTIONS /tasks/ | status=200
2026-07-08 17:23:06.096092 | GET /tasks/ | status=200
2026-07-08 17:23:07.202019 | GET /tasks/ | status=200
2026-07-08 17:23:08.785966 | OPTIONS /tasks/ | status=200
2026-07-08 17:23:08.798129 | GET /tasks/ | status=200
2026-07-08 17:23:11.849417 | GET /projects/ | status=200
2026-07-08 17:23:11.863270 | GET /projects/ | status=200
2026-07-08 17:23:13.899063 | GET /tasks/ | status=200
2026-07-08 17:23:13.912216 | GET /tasks/ | status=200
2026-07-08 17:23:16.245303 | OPTIONS /tasks/ | status=200
2026-07-08 17:23:16.259252 | GET /tasks/ | status=200
2026-07-08 17:23:17.573584 | GET /tasks/ | status=200
2026-07-08 17:23:18.729535 | OPTIONS /tasks/ | status=200
2026-07-08 17:23:18.740142 | GET /tasks/ | status=200
2026-07-08 17:23:31.130319 | GET /tasks/ | status=200
2026-07-08 17:23:33.465279 | OPTIONS /tasks/ | status=200
2026-07-08 17:23:33.477219 | GET /tasks/ | status=200
2026-07-08 17:23:38.825585 | OPTIONS /tasks/ | status=200
2026-07-08 17:23:38.835656 | GET /tasks/ | status=200
2026-07-08 17:23:39.329413 | OPTIONS /tasks/ | status=200
2026-07-08 17:23:39.339610 | GET /tasks/ | status=200
2026-07-08 17:23:39.363632 | OPTIONS /tasks/ | status=200
2026-07-08 17:23:39.377954 | GET /tasks/ | status=200
2026-07-08 17:23:39.394742 | OPTIONS /tasks/ | status=200
2026-07-08 17:23:39.410243 | GET /tasks/ | status=200
2026-07-08 17:23:39.427908 | OPTIONS /tasks/ | status=200
2026-07-08 17:23:39.441570 | GET /tasks/ | status=200
2026-07-08 17:23:39.461523 | OPTIONS /tasks/ | status=200
2026-07-08 17:23:39.477450 | GET /tasks/ | status=200
2026-07-08 17:23:39.491334 | OPTIONS /tasks/ | status=200
2026-07-08 17:23:39.505164 | GET /tasks/ | status=200
2026-07-08 17:23:39.525363 | OPTIONS /tasks/ | status=200
2026-07-08 17:23:39.544077 | GET /tasks/ | status=200
2026-07-08 17:23:39.557105 | OPTIONS /tasks/ | status=200
2026-07-08 17:23:39.573108 | GET /tasks/ | status=200
2026-07-08 17:23:39.589764 | OPTIONS /tasks/ | status=200
2026-07-08 17:23:39.632186 | OPTIONS /tasks/ | status=200
2026-07-08 17:23:39.642522 | GET /tasks/ | status=200
2026-07-08 17:23:39.649887 | GET /tasks/ | status=200
2026-07-08 17:23:39.655470 | OPTIONS /tasks/ | status=200
2026-07-08 17:23:39.669817 | GET /tasks/ | status=200
2026-07-08 17:23:39.685130 | OPTIONS /tasks/ | status=200
2026-07-08 17:23:39.698994 | GET /tasks/ | status=200
2026-07-08 17:23:39.717556 | OPTIONS /tasks/ | status=200
2026-07-08 17:23:39.731501 | GET /tasks/ | status=200
2026-07-08 17:23:39.748116 | OPTIONS /tasks/ | status=200
2026-07-08 17:23:39.781686 | OPTIONS /tasks/ | status=200
2026-07-08 17:23:39.806350 | GET /tasks/ | status=200
2026-07-08 17:23:39.810352 | GET /tasks/ | status=200
2026-07-08 17:23:39.816972 | OPTIONS /tasks/ | status=200
2026-07-08 17:23:39.831085 | GET /tasks/ | status=200
2026-07-08 17:23:39.848352 | OPTIONS /tasks/ | status=200
2026-07-08 17:23:39.862851 | GET /tasks/ | status=200
2026-07-08 17:23:39.877813 | OPTIONS /tasks/ | status=200
2026-07-08 17:23:39.892681 | GET /tasks/ | status=200
2026-07-08 17:23:39.910682 | OPTIONS /tasks/ | status=200
2026-07-08 17:23:39.925351 | GET /tasks/ | status=200
2026-07-08 17:23:39.941692 | OPTIONS /tasks/ | status=200
2026-07-08 17:23:39.974788 | OPTIONS /tasks/ | status=200
2026-07-08 17:23:39.984031 | GET /tasks/ | status=200
2026-07-08 17:23:39.991172 | GET /tasks/ | status=200
2026-07-08 17:23:40.006115 | OPTIONS /tasks/ | status=200
2026-07-08 17:23:40.020174 | GET /tasks/ | status=200
2026-07-08 17:23:40.039531 | OPTIONS /tasks/ | status=200
2026-07-08 17:23:40.054263 | GET /tasks/ | status=200
2026-07-08 17:23:40.073295 | OPTIONS /tasks/ | status=200
2026-07-08 17:23:40.085654 | GET /tasks/ | status=200
2026-07-08 17:23:40.102656 | OPTIONS /tasks/ | status=200
2026-07-08 17:23:40.133985 | OPTIONS /tasks/ | status=200
2026-07-08 17:23:40.155050 | GET /tasks/ | status=200
2026-07-08 17:23:40.159084 | GET /tasks/ | status=200
2026-07-08 17:23:40.179987 | GET /tasks/ | status=200
2026-07-08 17:23:48.588932 | OPTIONS /tasks/ | status=200
2026-07-08 17:23:48.598508 | GET /tasks/ | status=200
2026-07-08 17:23:53.057571 | GET /tasks/ | status=200
2026-07-08 17:24:13.287127 | POST /users/login | status=200
2026-07-08 17:24:13.309080 | GET /tasks/ | status=200
2026-07-08 17:24:13.318216 | GET /tasks/ | status=200
2026-07-08 17:24:17.428489 | OPTIONS /tasks/1 | status=200
2026-07-08 17:24:17.499877 | DELETE /tasks/1 | status=200
2026-07-08 17:24:17.519597 | GET /tasks/ | status=200
2026-07-08 17:24:21.609255 | GET /users/ | status=200
2026-07-08 17:24:21.625937 | GET /users/ | status=200
2026-07-08 17:24:26.958283 | GET /tasks/ | status=200
2026-07-08 17:24:26.972106 | GET /tasks/ | status=200
2026-07-08 17:24:30.482501 | GET /users/ | status=200
2026-07-08 17:24:30.498987 | GET /users/ | status=200
2026-07-08 17:24:37.647605 | GET /tasks/ | status=200
2026-07-08 17:24:37.661006 | GET /tasks/ | status=200
2026-07-08 17:24:38.434038 | GET /projects/ | status=200
2026-07-08 17:24:38.447800 | GET /projects/ | status=200
2026-07-08 17:24:38.989819 | GET /tasks/ | status=200
2026-07-08 17:24:39.001994 | GET /tasks/ | status=200
2026-07-08 17:24:39.698141 | GET /users/ | status=200
2026-07-08 17:24:39.713743 | GET /users/ | status=200
2026-07-08 17:24:40.247599 | GET /tasks/ | status=200
2026-07-08 17:24:40.258894 | GET /tasks/ | status=200
2026-07-08 17:25:46.952078 | OPTIONS /tasks/ | status=200
2026-07-08 17:25:47.000122 | POST /tasks/ | status=422
2026-07-08 17:25:50.120791 | POST /tasks/ | status=201
2026-07-08 17:25:50.130499 | GET /tasks/ | status=200
2026-07-08 17:26:00.802891 | GET /tasks/ | status=200
2026-07-08 17:26:02.188765 | GET /tasks/ | status=200
2026-07-08 17:26:03.368838 | GET /tasks/ | status=200
2026-07-08 17:26:35.396732 | GET /tasks/ | status=200
2026-07-08 17:26:38.605832 | OPTIONS /tasks/3 | status=200
2026-07-08 17:26:38.678240 | PUT /tasks/3 | status=200
2026-07-08 17:26:38.694278 | GET /tasks/ | status=200
2026-07-08 17:26:44.843343 | GET /tasks/ | status=200
2026-07-08 17:26:49.369799 | OPTIONS /tasks/4 | status=200
2026-07-08 17:26:49.440440 | PUT /tasks/4 | status=200
2026-07-08 17:26:49.455100 | GET /tasks/ | status=200
2026-07-08 17:26:52.775013 | OPTIONS /tasks/5 | status=200
2026-07-08 17:26:52.845253 | PUT /tasks/5 | status=200
2026-07-08 17:26:52.859982 | GET /tasks/ | status=200
2026-07-08 17:27:00.372431 | PUT /tasks/4 | status=200
2026-07-08 17:27:00.382830 | GET /tasks/ | status=200
2026-07-08 17:27:09.989039 | PUT /tasks/4 | status=200
2026-07-08 17:27:10.002654 | GET /tasks/ | status=200
2026-07-08 17:27:11.751915 | PUT /tasks/4 | status=200
2026-07-08 17:27:11.763387 | GET /tasks/ | status=200
2026-07-08 17:27:15.922229 | GET /tasks/ | status=200
2026-07-08 17:27:17.324021 | GET /tasks/ | status=200
2026-07-08 17:27:18.672954 | GET /tasks/ | status=200
2026-07-08 17:27:48.993054 | POST /tasks/ | status=201
2026-07-08 17:27:49.007233 | GET /tasks/ | status=200
2026-07-08 17:27:53.874121 | GET /tasks/ | status=200
2026-07-08 17:28:31.134739 | GET /projects/ | status=200
2026-07-08 17:28:31.149687 | GET /projects/ | status=200
2026-07-08 17:28:40.823351 | GET /tasks/ | status=200
2026-07-08 17:28:40.836852 | GET /tasks/ | status=200
2026-07-08 17:29:30.733701 | POST /tasks/ | status=201
2026-07-08 17:29:30.745942 | GET /tasks/ | status=200
2026-07-08 17:30:44.827836 | OPTIONS /projects/ | status=200
2026-07-08 17:30:44.831337 | OPTIONS /projects/ | status=200
2026-07-08 17:30:44.841447 | GET /projects/ | status=200
2026-07-08 17:30:44.854268 | GET /projects/ | status=200
2026-07-08 17:30:45.281544 | GET /tasks/ | status=200
2026-07-08 17:30:45.294649 | GET /tasks/ | status=200
2026-07-08 17:30:46.256864 | GET /projects/ | status=200
2026-07-08 17:30:46.266491 | GET /projects/ | status=200
2026-07-08 17:30:50.277678 | GET /tasks/ | status=200
2026-07-08 17:30:50.287475 | GET /tasks/ | status=200
2026-07-08 17:30:54.291461 | GET /users/ | status=200
2026-07-08 17:30:54.304188 | GET /users/ | status=200
2026-07-08 17:52:44.187507 | OPTIONS /users/ | status=200
2026-07-08 17:52:44.191757 | OPTIONS /users/ | status=200
2026-07-08 17:52:44.200189 | GET /users/ | status=200
2026-07-08 17:52:44.217815 | GET /users/ | status=200
2026-07-15 12:15:27.926361 | OPTIONS /users/register | status=200
2026-07-15 12:15:28.914077 | POST /users/register | status=201
2026-07-15 12:16:02.667617 | OPTIONS /users/login | status=200
2026-07-15 12:16:03.551904 | POST /users/login | status=200
2026-07-15 12:16:03.654601 | OPTIONS /tasks/ | status=200
2026-07-15 12:16:03.656833 | OPTIONS /tasks/ | status=200
2026-07-15 12:16:03.683459 | GET /tasks/ | status=200
2026-07-15 12:16:03.697949 | GET /tasks/ | status=200
2026-07-15 12:16:12.059726 | OPTIONS /projects/ | status=200
2026-07-15 12:16:12.065438 | OPTIONS /projects/ | status=200
2026-07-15 12:16:12.080327 | GET /projects/ | status=200
2026-07-15 12:16:12.101639 | GET /projects/ | status=200
2026-07-15 12:16:16.844161 | GET /tasks/ | status=200
2026-07-15 12:16:16.863684 | GET /tasks/ | status=200
2026-07-15 12:16:24.077000 | OPTIONS /tasks/3 | status=200
2026-07-15 12:16:24.095426 | PUT /tasks/3 | status=403
2026-07-15 12:16:27.478953 | PUT /tasks/3 | status=400
2026-07-15 12:16:28.967574 | OPTIONS /tasks/2 | status=200
2026-07-15 12:16:29.029259 | PUT /tasks/2 | status=200
2026-07-15 12:16:29.046253 | GET /tasks/ | status=200
2026-07-15 12:16:30.534166 | PUT /tasks/2 | status=200
2026-07-15 12:16:30.552060 | GET /tasks/ | status=200
2026-07-15 12:16:36.167489 | OPTIONS /tasks/5 | status=200
2026-07-15 12:16:36.184207 | PUT /tasks/5 | status=403
2026-07-15 12:16:38.584220 | PUT /tasks/5 | status=400
2026-07-15 12:16:40.745991 | OPTIONS /tasks/6 | status=200
2026-07-15 12:16:40.760546 | PUT /tasks/6 | status=403
2026-07-15 12:16:44.294372 | PUT /tasks/2 | status=200
2026-07-15 12:16:44.311602 | GET /tasks/ | status=200
2026-07-15 12:16:46.840214 | PUT /tasks/2 | status=200
2026-07-15 12:16:46.858436 | GET /tasks/ | status=200
2026-07-15 12:16:48.397713 | PUT /tasks/3 | status=400
2026-07-15 12:16:53.809556 | PUT /tasks/6 | status=200
2026-07-15 12:16:53.826684 | GET /tasks/ | status=200
2026-07-15 12:16:55.606699 | PUT /tasks/6 | status=400
2026-07-15 12:16:58.712279 | OPTIONS /tasks/7 | status=200
2026-07-15 12:16:58.727268 | PUT /tasks/7 | status=403
2026-07-15 12:17:00.175309 | PUT /tasks/7 | status=200
2026-07-15 12:17:00.189156 | GET /tasks/ | status=200
2026-07-15 12:17:01.926371 | PUT /tasks/7 | status=200
2026-07-15 12:17:01.942526 | GET /tasks/ | status=200
2026-07-15 12:17:04.004589 | PUT /tasks/7 | status=400
2026-07-15 12:17:40.856776 | POST /users/login | status=200
2026-07-15 12:17:40.882911 | GET /tasks/ | status=200
2026-07-15 12:17:40.899466 | GET /tasks/ | status=200
2026-07-15 12:17:49.585580 | PUT /tasks/3 | status=200
2026-07-15 12:17:49.601632 | GET /tasks/ | status=200
2026-07-15 12:17:51.020630 | PUT /tasks/3 | status=200
2026-07-15 12:17:51.039212 | GET /tasks/ | status=200
2026-07-15 12:17:52.370064 | PUT /tasks/3 | status=200
2026-07-15 12:17:52.389829 | GET /tasks/ | status=200
2026-07-15 12:17:57.644048 | OPTIONS /users/ | status=200
2026-07-15 12:17:57.647592 | OPTIONS /users/ | status=200
2026-07-15 12:17:57.666702 | GET /users/ | status=200
2026-07-15 12:17:57.681733 | GET /users/ | status=200
2026-07-15 12:18:02.969240 | GET /tasks/ | status=200
2026-07-15 12:18:02.982947 | GET /tasks/ | status=200
2026-07-15 12:19:45.477294 | OPTIONS /tasks/ | status=200
2026-07-15 12:19:45.490748 | POST /tasks/ | status=422
2026-07-15 12:19:48.042219 | POST /tasks/ | status=422
2026-07-15 12:21:15.681152 | GET /projects/ | status=200
2026-07-15 12:21:15.703854 | GET /projects/ | status=200
2026-07-15 12:21:42.631623 | GET /tasks/ | status=200
2026-07-15 12:21:42.642932 | GET /tasks/ | status=200
2026-07-15 12:22:01.599819 | OPTIONS /tasks/ | status=200
2026-07-15 12:22:01.614487 | GET /tasks/ | status=200
2026-07-15 12:22:07.668065 | GET /tasks/ | status=200
2026-07-15 12:22:09.520136 | OPTIONS /tasks/ | status=200
2026-07-15 12:22:09.535322 | GET /tasks/ | status=200
2026-07-15 12:23:58.256747 | POST /users/register | status=201
2026-07-15 12:24:20.752612 | POST /users/login | status=200
2026-07-15 12:24:20.789055 | GET /tasks/ | status=200
2026-07-15 12:24:20.803822 | GET /tasks/ | status=200
2026-07-15 12:24:34.728631 | OPTIONS /tasks/ | status=200
2026-07-15 12:24:34.741848 | GET /tasks/ | status=200
2026-07-15 12:24:37.900996 | GET /tasks/ | status=200
2026-07-15 12:24:40.285352 | GET /tasks/ | status=200
2026-07-15 12:24:41.693410 | OPTIONS /tasks/ | status=200
2026-07-15 12:24:41.710724 | GET /tasks/ | status=200
2026-07-15 12:24:43.552701 | OPTIONS /tasks/ | status=200
2026-07-15 12:24:43.569028 | GET /tasks/ | status=200
2026-07-15 12:24:46.682767 | OPTIONS /tasks/ | status=200
2026-07-15 12:24:46.696122 | GET /tasks/ | status=200
2026-07-15 12:24:48.236206 | OPTIONS /tasks/ | status=200
2026-07-15 12:24:48.251043 | GET /tasks/ | status=200
2026-07-15 12:24:50.077701 | OPTIONS /tasks/ | status=200
2026-07-15 12:24:50.092817 | GET /tasks/ | status=200
2026-07-15 12:24:55.350767 | GET /tasks/ | status=200
2026-07-15 12:24:56.480572 | GET /tasks/ | status=200
2026-07-15 12:25:06.613598 | PUT /tasks/3 | status=403
2026-07-15 12:25:08.884161 | PUT /tasks/3 | status=200
2026-07-15 12:25:08.904100 | GET /tasks/ | status=200
2026-07-15 12:25:11.818505 | PUT /tasks/3 | status=200
2026-07-15 12:25:11.837672 | GET /tasks/ | status=200
2026-07-15 12:25:14.360986 | PUT /tasks/3 | status=400
2026-07-15 12:25:20.033113 | GET /projects/ | status=200
2026-07-15 12:25:20.047479 | GET /projects/ | status=200
2026-07-15 12:25:23.415573 | GET /tasks/ | status=200
2026-07-15 12:25:23.436090 | GET /tasks/ | status=200
2026-07-15 12:25:52.858813 | POST /users/login | status=401
2026-07-15 12:26:16.537263 | OPTIONS /users/login | status=200
2026-07-15 12:26:17.387145 | POST /users/login | status=200
2026-07-15 12:26:17.416518 | GET /tasks/ | status=200
2026-07-15 12:26:17.434378 | GET /tasks/ | status=200
2026-07-15 12:26:35.115565 | OPTIONS /tasks/2 | status=200
2026-07-15 12:26:35.158867 | PUT /tasks/2 | status=200
2026-07-15 12:26:35.176192 | GET /tasks/ | status=200
2026-07-15 12:26:37.015126 | OPTIONS /tasks/3 | status=200
2026-07-15 12:26:37.096947 | PUT /tasks/3 | status=200
2026-07-15 12:26:37.112373 | GET /tasks/ | status=200
2026-07-15 12:26:42.870758 | PUT /tasks/7 | status=200
2026-07-15 12:26:42.884556 | GET /tasks/ | status=200
2026-07-15 12:26:57.026717 | GET /tasks/ | status=200
2026-07-15 12:26:57.035187 | GET /tasks/ | status=200
2026-07-15 12:26:58.951230 | GET /tasks/ | status=200
2026-07-15 12:26:58.960050 | GET /tasks/ | status=200
2026-07-15 12:27:54.891697 | POST /users/login | status=200
2026-07-15 12:27:54.917781 | GET /tasks/ | status=200
2026-07-15 12:27:54.938019 | GET /tasks/ | status=200
2026-07-15 12:28:08.381336 | GET /tasks/ | status=200
2026-07-15 12:28:12.278692 | GET /tasks/ | status=200
2026-07-15 12:28:13.983516 | GET /tasks/ | status=200
2026-07-15 12:28:15.447786 | GET /tasks/ | status=200
2026-07-15 12:28:17.151902 | GET /tasks/ | status=200
2026-07-15 12:28:21.426126 | GET /tasks/ | status=200
2026-07-15 12:28:22.628905 | OPTIONS /tasks/ | status=200
2026-07-15 12:28:22.642305 | GET /tasks/ | status=200
2026-07-15 12:28:25.780014 | OPTIONS /tasks/ | status=200
2026-07-15 12:28:25.799023 | GET /tasks/ | status=200
2026-07-15 12:28:27.560096 | OPTIONS /tasks/ | status=200
2026-07-15 12:28:27.573214 | GET /tasks/ | status=200
2026-07-15 12:28:29.583630 | GET /tasks/ | status=200
2026-07-15 12:28:38.175172 | OPTIONS /projects/ | status=200
2026-07-15 12:28:38.179903 | OPTIONS /projects/ | status=200
2026-07-15 12:28:38.191268 | GET /projects/ | status=200
2026-07-15 12:28:38.203172 | GET /projects/ | status=200
2026-07-15 12:28:56.518187 | OPTIONS /projects/ | status=200
2026-07-15 12:28:56.554683 | POST /projects/ | status=201
2026-07-15 12:28:56.570478 | GET /projects/ | status=200
2026-07-15 12:29:09.059828 | OPTIONS /projects/4 | status=200
2026-07-15 12:29:09.123112 | DELETE /projects/4 | status=200
2026-07-15 12:29:09.143457 | GET /projects/ | status=200
2026-07-15 12:29:13.733792 | OPTIONS /users/ | status=200
2026-07-15 12:29:13.741471 | OPTIONS /users/ | status=200
2026-07-15 12:29:13.760018 | GET /users/ | status=200
2026-07-15 12:29:13.779123 | GET /users/ | status=200
2026-07-15 12:29:24.247884 | OPTIONS /users/1 | status=200
2026-07-15 12:29:24.311621 | DELETE /users/1 | status=200
2026-07-15 12:29:24.336317 | GET /users/ | status=200
2026-07-15 12:29:28.578507 | GET /projects/ | status=200
2026-07-15 12:29:28.589965 | GET /projects/ | status=200
2026-07-15 12:29:30.647727 | GET /tasks/ | status=200
2026-07-15 12:29:30.663300 | GET /tasks/ | status=200
2026-07-15 12:29:36.171655 | OPTIONS /tasks/7 | status=200
2026-07-15 12:29:36.246054 | DELETE /tasks/7 | status=200
2026-07-15 12:29:36.267350 | GET /tasks/ | status=200
2026-07-15 12:29:39.313556 | PUT /tasks/2 | status=200
2026-07-15 12:29:39.328380 | GET /tasks/ | status=200
2026-07-15 12:29:40.860147 | PUT /tasks/2 | status=200
2026-07-15 12:29:40.881078 | GET /tasks/ | status=200
2026-07-15 12:29:45.112549 | PUT /tasks/2 | status=200
2026-07-15 12:29:45.125793 | GET /tasks/ | status=200
2026-07-15 12:31:15.351625 | OPTIONS /users/register | status=200
2026-07-15 12:31:16.401266 | POST /users/register | status=201
2026-07-15 12:31:32.344091 | POST /users/login | status=200
2026-07-15 12:31:32.363788 | OPTIONS /tasks/ | status=200
2026-07-15 12:31:32.370314 | OPTIONS /tasks/ | status=200
2026-07-15 12:31:32.395625 | GET /tasks/ | status=200
2026-07-15 12:31:32.416492 | GET /tasks/ | status=200
2026-07-15 12:31:44.267849 | PUT /tasks/3 | status=403
2026-07-15 12:31:45.809245 | PUT /tasks/3 | status=403
2026-07-15 12:31:47.585898 | PUT /tasks/3 | status=403
2026-07-15 12:31:49.891348 | OPTIONS /tasks/5 | status=200
2026-07-15 12:31:49.909948 | PUT /tasks/5 | status=403
2026-07-15 12:31:51.179933 | OPTIONS /tasks/6 | status=200
2026-07-15 12:31:51.194821 | PUT /tasks/6 | status=400
2026-07-15 12:31:57.000024 | PUT /tasks/3 | status=403
2026-07-15 12:32:03.140837 | GET /tasks/ | status=200
2026-07-15 12:32:05.736934 | GET /tasks/ | status=200
2026-07-15 12:32:07.764037 | GET /tasks/ | status=200
2026-07-15 12:32:09.110575 | GET /tasks/ | status=200
2026-07-15 12:32:10.308316 | GET /tasks/ | status=200
2026-07-15 12:32:11.717179 | GET /tasks/ | status=200
2026-07-15 12:32:13.035583 | GET /tasks/ | status=200
2026-07-15 12:32:14.553047 | GET /tasks/ | status=200
2026-07-15 12:32:16.656923 | GET /tasks/ | status=200
2026-07-15 12:32:19.859931 | GET /tasks/ | status=200
2026-07-15 12:32:21.951764 | PUT /tasks/3 | status=403
2026-07-15 12:32:24.089293 | PUT /tasks/3 | status=403
2026-07-15 12:32:27.772120 | GET /projects/ | status=200
2026-07-15 12:32:27.785588 | GET /projects/ | status=200
2026-07-15 12:32:31.774223 | GET /tasks/ | status=200
2026-07-15 12:32:31.806071 | GET /tasks/ | status=200
2026-07-15 12:32:44.742630 | PUT /tasks/3 | status=403
2026-07-15 12:32:45.669506 | PUT /tasks/3 | status=403
2026-07-15 12:32:46.908391 | PUT /tasks/3 | status=403
2026-07-15 12:32:48.708830 | PUT /tasks/3 | status=403
2026-07-15 12:32:52.668379 | PUT /tasks/3 | status=403
2026-07-15 12:32:56.379984 | GET /tasks/ | status=200
2026-07-15 12:32:56.389912 | GET /tasks/ | status=200
2026-07-15 12:33:16.487359 | POST /users/login | status=401
2026-07-15 12:33:22.762256 | POST /users/login | status=200
2026-07-15 12:33:22.788797 | GET /tasks/ | status=200
2026-07-15 12:33:22.804011 | GET /tasks/ | status=200
2026-07-15 12:33:27.692762 | PUT /tasks/3 | status=200
2026-07-15 12:33:27.711033 | GET /tasks/ | status=200
2026-07-15 12:33:29.079964 | PUT /tasks/3 | status=200
2026-07-15 12:33:29.098537 | GET /tasks/ | status=200
2026-07-15 12:33:30.552478 | PUT /tasks/3 | status=200
2026-07-15 12:33:30.567632 | GET /tasks/ | status=200
2026-07-15 12:33:31.866827 | PUT /tasks/3 | status=200
2026-07-15 12:33:31.880666 | GET /tasks/ | status=200
2026-07-15 12:34:01.761656 | OPTIONS /users/login | status=200
2026-07-15 12:34:02.651444 | POST /users/login | status=200
2026-07-15 12:34:02.715513 | GET /tasks/ | status=200
2026-07-15 12:34:02.725937 | GET /tasks/ | status=200
2026-07-15 12:34:04.650714 | PUT /tasks/3 | status=200
2026-07-15 12:34:04.665668 | GET /tasks/ | status=200
2026-07-15 12:34:08.342433 | PUT /tasks/5 | status=200
2026-07-15 12:34:08.359513 | GET /tasks/ | status=200
2026-07-15 12:34:09.702664 | PUT /tasks/6 | status=200
2026-07-15 12:34:09.719921 | GET /tasks/ | status=200
2026-07-15 12:34:11.719411 | PUT /tasks/6 | status=200
2026-07-15 12:34:11.736614 | GET /tasks/ | status=200
2026-07-15 12:34:31.668901 | POST /users/login | status=200
2026-07-15 12:34:31.684925 | GET /tasks/ | status=200
2026-07-15 12:34:31.695461 | GET /tasks/ | status=200
2026-07-15 12:34:35.440079 | PUT /tasks/3 | status=200
2026-07-15 12:34:35.457650 | GET /tasks/ | status=200
2026-07-15 12:34:37.360254 | PUT /tasks/5 | status=200
2026-07-15 12:34:37.378921 | GET /tasks/ | status=200
2026-07-15 12:34:38.685590 | PUT /tasks/5 | status=200
2026-07-15 12:34:38.704450 | GET /tasks/ | status=200
2026-07-15 12:35:51.072813 | POST /users/login | status=200
2026-07-15 12:35:51.095586 | GET /tasks/ | status=200
2026-07-15 12:35:51.105545 | GET /tasks/ | status=200
2026-07-15 12:35:52.669760 | GET /users/ | status=200
2026-07-15 12:35:52.686621 | GET /users/ | status=200
2026-07-15 12:35:57.634312 | OPTIONS /users/6 | status=200
2026-07-15 12:35:57.712464 | DELETE /users/6 | status=200
2026-07-15 12:35:57.729363 | GET /users/ | status=200
2026-07-15 12:36:00.774515 | GET /projects/ | status=200
2026-07-15 12:36:00.794224 | GET /projects/ | status=200
2026-07-15 12:36:01.251850 | GET /tasks/ | status=200
2026-07-15 12:36:01.264449 | GET /tasks/ | status=200
2026-07-15 12:36:52.905605 | POST /users/register | status=201
2026-07-15 12:37:06.742871 | POST /users/login | status=200
2026-07-15 12:37:06.768553 | GET /tasks/ | status=200
2026-07-15 12:37:06.787311 | GET /tasks/ | status=200
2026-07-15 12:37:16.317209 | GET /projects/ | status=200
2026-07-15 12:37:16.330014 | GET /projects/ | status=200
2026-07-15 12:37:19.556952 | GET /tasks/ | status=200
2026-07-15 12:37:19.573478 | GET /tasks/ | status=200
2026-07-15 12:37:28.516855 | OPTIONS /tasks/ | status=200
2026-07-15 12:37:28.531191 | GET /tasks/ | status=200
2026-07-15 12:37:31.746075 | GET /tasks/ | status=200
2026-07-15 12:37:33.894960 | OPTIONS /tasks/ | status=200
2026-07-15 12:37:33.910177 | GET /tasks/ | status=200
2026-07-15 12:37:36.309988 | OPTIONS /tasks/ | status=200
2026-07-15 12:37:36.329186 | GET /tasks/ | status=200
2026-07-15 12:37:37.897536 | OPTIONS /tasks/ | status=200
2026-07-15 12:37:37.908013 | GET /tasks/ | status=200
2026-07-15 12:37:39.407058 | GET /tasks/ | status=200
2026-07-15 12:37:47.707551 | GET /tasks/ | status=200
2026-07-15 12:37:49.439257 | GET /tasks/ | status=200
2026-07-15 12:37:50.838393 | GET /tasks/ | status=200
2026-07-15 12:37:52.483603 | GET /tasks/ | status=200
2026-07-15 12:37:56.479864 | PUT /tasks/6 | status=403
2026-07-15 12:37:58.002461 | PUT /tasks/6 | status=403
2026-07-15 12:37:59.938618 | PUT /tasks/6 | status=400
2026-07-15 12:38:02.270254 | PUT /tasks/6 | status=403
2026-07-15 12:38:05.657887 | OPTIONS /tasks/3 | status=200
2026-07-15 12:38:05.671531 | PUT /tasks/3 | status=403
2026-07-15 12:38:06.513798 | PUT /tasks/3 | status=403
2026-07-15 12:38:12.666858 | PUT /tasks/3 | status=403
2026-07-15 12:38:27.869611 | POST /users/login | status=200
2026-07-15 12:38:27.895775 | GET /tasks/ | status=200
2026-07-15 12:38:27.911220 | GET /tasks/ | status=200
2026-07-15 12:38:30.955563 | PUT /tasks/3 | status=200
2026-07-15 12:38:30.974277 | GET /tasks/ | status=200
2026-07-15 12:38:32.976162 | PUT /tasks/5 | status=200
2026-07-15 12:38:32.995934 | GET /tasks/ | status=200
2026-07-15 12:38:34.562666 | PUT /tasks/6 | status=200
2026-07-15 12:38:34.576835 | GET /tasks/ | status=200
2026-07-15 12:38:36.036527 | PUT /tasks/6 | status=200
2026-07-15 12:38:36.051575 | GET /tasks/ | status=200
2026-07-15 12:39:38.931471 | POST /users/register | status=400
2026-07-15 12:40:11.146172 | POST /users/register | status=201
2026-07-15 12:40:29.892925 | POST /users/login | status=200
2026-07-15 12:40:29.920996 | GET /tasks/ | status=200
2026-07-15 12:40:29.943960 | GET /tasks/ | status=200
2026-07-15 12:40:34.188117 | OPTIONS /projects/ | status=200
2026-07-15 12:40:34.189386 | OPTIONS /projects/ | status=200
2026-07-15 12:40:34.201830 | GET /projects/ | status=200
2026-07-15 12:40:34.219630 | GET /projects/ | status=200
2026-07-15 12:40:37.108754 | GET /tasks/ | status=200
2026-07-15 12:40:37.127310 | GET /tasks/ | status=200
2026-07-15 12:40:42.374081 | PUT /tasks/3 | status=403
2026-07-15 12:40:43.666137 | PUT /tasks/3 | status=403
2026-07-15 12:40:44.809884 | PUT /tasks/3 | status=403
2026-07-15 12:40:46.698485 | PUT /tasks/5 | status=403
2026-07-15 12:40:49.623337 | PUT /tasks/6 | status=403
2026-07-15 12:40:52.189565 | PUT /tasks/6 | status=403
2026-07-15 12:41:02.381015 | PUT /tasks/5 | status=403
2026-07-15 12:41:03.520777 | PUT /tasks/5 | status=403
2026-07-15 12:41:07.910441 | GET /tasks/ | status=200
2026-07-15 12:41:07.922496 | GET /tasks/ | status=200
2026-07-15 12:41:09.249482 | PUT /tasks/5 | status=403
2026-07-15 12:41:10.774159 | PUT /tasks/6 | status=403
2026-07-15 12:41:13.392959 | PUT /tasks/6 | status=403
2026-07-15 12:41:14.805564 | GET /tasks/ | status=200
2026-07-15 12:41:14.818330 | GET /tasks/ | status=200
2026-07-15 12:41:16.363916 | PUT /tasks/5 | status=403
2026-07-15 12:41:17.414948 | PUT /tasks/5 | status=403
2026-07-15 12:41:18.825901 | PUT /tasks/6 | status=403
2026-07-15 12:41:20.368565 | GET /tasks/ | status=200
2026-07-15 12:41:20.379521 | GET /tasks/ | status=200
2026-07-15 12:41:22.226310 | PUT /tasks/3 | status=403
2026-07-15 12:41:23.242467 | PUT /tasks/3 | status=403
2026-07-15 12:41:40.046369 | POST /users/login | status=200
2026-07-15 12:41:40.067052 | OPTIONS /tasks/ | status=200
2026-07-15 12:41:40.073177 | OPTIONS /tasks/ | status=200
2026-07-15 12:41:40.083900 | GET /tasks/ | status=200
2026-07-15 12:41:40.094317 | GET /tasks/ | status=200
2026-07-15 12:41:44.463790 | PUT /tasks/3 | status=403
2026-07-15 12:41:45.740629 | PUT /tasks/3 | status=403
2026-07-15 12:41:49.111210 | GET /tasks/ | status=200
2026-07-15 12:41:49.120594 | GET /tasks/ | status=200
2026-07-15 12:41:50.850762 | PUT /tasks/3 | status=403
2026-07-15 12:41:52.020044 | PUT /tasks/3 | status=403
2026-07-15 12:56:37.041581 | OPTIONS /tasks/ | status=200
2026-07-15 12:56:37.051131 | GET /tasks/ | status=200
2026-07-15 12:58:16.020597 | GET /tasks/ | status=200
2026-07-15 12:58:16.032302 | GET /tasks/ | status=200
2026-07-15 12:59:18.739717 | GET /tasks/ | status=200
2026-07-15 12:59:18.749170 | GET /tasks/ | status=200
2026-07-15 12:59:38.784339 | OPTIONS /users/login | status=200
2026-07-15 12:59:39.734802 | POST /users/login | status=200
2026-07-15 12:59:39.823599 | GET /tasks/ | status=200
2026-07-15 12:59:39.834854 | GET /tasks/ | status=200
2026-07-15 12:59:41.949679 | OPTIONS /tasks/2/comments/ | status=200
2026-07-15 12:59:42.014435 | GET /tasks/2/comments/ | status=200
2026-07-15 12:59:44.018602 | GET /tasks/2/comments/ | status=200
2026-07-15 12:59:49.191587 | OPTIONS /tasks/my | status=200
2026-07-15 12:59:49.206425 | GET /tasks/my | status=200
2026-07-15 12:59:50.765389 | GET /tasks/ | status=200
2026-07-15 12:59:51.966289 | GET /tasks/my | status=200
2026-07-15 12:59:53.593561 | GET /tasks/ | status=200
2026-07-15 12:59:54.442729 | GET /tasks/my | status=200
2026-07-15 12:59:56.721133 | GET /tasks/ | status=200
2026-07-15 12:59:59.125540 | OPTIONS /projects/ | status=200
2026-07-15 12:59:59.129097 | OPTIONS /projects/ | status=200
2026-07-15 12:59:59.141294 | GET /projects/ | status=200
2026-07-15 12:59:59.155696 | GET /projects/ | status=200
2026-07-15 13:00:04.602910 | GET /tasks/ | status=200
2026-07-15 13:00:04.616112 | GET /tasks/ | status=200
2026-07-15 13:00:07.349318 | GET /tasks/2/comments/ | status=200
2026-07-15 13:00:10.515153 | GET /tasks/my | status=200
2026-07-15 13:00:12.202818 | GET /tasks/ | status=200
2026-07-15 13:00:17.695688 | OPTIONS /users/ | status=200
2026-07-15 13:00:17.703788 | OPTIONS /users/ | status=200
2026-07-15 13:00:17.722766 | GET /users/ | status=200
2026-07-15 13:00:17.740075 | GET /users/ | status=200
2026-07-15 13:16:41.885313 | OPTIONS /users/ | status=200
2026-07-15 13:16:41.887915 | OPTIONS /users/ | status=200
2026-07-15 13:16:41.896650 | GET /users/ | status=200
2026-07-15 13:16:41.906067 | GET /users/ | status=200
2026-07-15 13:16:48.379426 | OPTIONS /tasks/ | status=200
2026-07-15 13:16:48.383789 | OPTIONS /tasks/ | status=200
2026-07-15 13:16:48.397470 | GET /tasks/ | status=200
2026-07-15 13:16:48.411763 | GET /tasks/ | status=200
2026-07-15 13:16:52.588511 | OPTIONS /tasks/2/comments/ | status=200
2026-07-15 13:16:52.601839 | GET /tasks/2/comments/ | status=200
2026-07-15 13:17:04.695572 | OPTIONS /users/login | status=200
2026-07-15 13:17:05.571691 | POST /users/login | status=200
2026-07-15 13:17:05.597831 | GET /tasks/ | status=200
2026-07-15 13:17:05.611349 | GET /tasks/ | status=200
2026-07-15 13:17:07.884228 | OPTIONS /tasks/3 | status=200
2026-07-15 13:17:07.901234 | PUT /tasks/3 | status=403
2026-07-15 13:17:09.718901 | OPTIONS /tasks/3/comments/ | status=200
2026-07-15 13:17:09.731008 | GET /tasks/3/comments/ | status=200
2026-07-15 13:17:13.854053 | OPTIONS /tasks/my | status=200
2026-07-15 13:17:13.867340 | GET /tasks/my | status=200
2026-07-15 13:17:15.369177 | GET /tasks/ | status=200
2026-07-15 13:17:20.527547 | GET /tasks/my | status=200
2026-07-15 13:17:21.302360 | GET /tasks/ | status=200
2026-07-15 13:17:21.803809 | GET /tasks/my | status=200
2026-07-15 13:17:22.251923 | GET /tasks/ | status=200
2026-07-15 13:19:01.601837 | PUT /tasks/3 | status=403
2026-07-15 13:19:03.692808 | PUT /tasks/3 | status=403
2026-07-15 13:19:06.307604 | OPTIONS /tasks/5 | status=200
2026-07-15 13:19:06.320659 | PUT /tasks/5 | status=403
2026-07-15 13:19:10.403133 | OPTIONS /tasks/6/comments/ | status=200
2026-07-15 13:19:10.414723 | GET /tasks/6/comments/ | status=200
2026-07-15 13:21:09.286474 | OPTIONS /users/register | status=200
2026-07-15 13:21:10.209843 | POST /users/register | status=201
2026-07-15 13:21:58.144112 | POST /users/login | status=200
2026-07-15 13:21:58.176229 | GET /tasks/ | status=200
2026-07-15 13:21:58.190731 | GET /tasks/ | status=200
2026-07-15 13:23:47.487858 | PUT /tasks/3 | status=403
2026-07-15 13:23:49.537825 | PUT /tasks/3 | status=403
2026-07-15 13:23:51.480756 | GET /tasks/my | status=200
2026-07-15 13:23:54.418665 | GET /tasks/ | status=200
2026-07-15 13:23:58.086500 | GET /tasks/my | status=200
2026-07-15 13:24:01.393874 | GET /tasks/ | status=200
2026-07-15 13:25:03.974481 | POST /users/login | status=200
2026-07-15 13:25:03.998728 | GET /tasks/ | status=200
2026-07-15 13:25:04.017543 | GET /tasks/ | status=200
2026-07-15 13:25:06.012766 | GET /tasks/my | status=200
2026-07-15 13:25:07.265956 | GET /tasks/ | status=200
2026-07-15 13:25:09.424817 | GET /tasks/2/comments/ | status=200
2026-07-15 13:25:13.671245 | GET /users/ | status=200
2026-07-15 13:25:13.686282 | GET /users/ | status=200
2026-07-15 13:25:20.240985 | GET /tasks/ | status=200
2026-07-15 13:25:20.257085 | GET /tasks/ | status=200
2026-07-15 13:25:20.937235 | OPTIONS /projects/ | status=200
2026-07-15 13:25:20.942779 | OPTIONS /projects/ | status=200
2026-07-15 13:25:20.958687 | GET /projects/ | status=200
2026-07-15 13:25:20.974965 | GET /projects/ | status=200
2026-07-15 13:25:23.380938 | GET /tasks/ | status=200
2026-07-15 13:25:23.393732 | GET /tasks/ | status=200
2026-07-15 13:25:25.413012 | GET /tasks/2/comments/ | status=200
2026-07-15 13:25:55.929701 | GET /tasks/my | status=200
2026-07-15 13:25:56.658661 | GET /tasks/ | status=200
2026-07-15 13:26:00.760858 | GET /tasks/my | status=200
2026-07-15 13:26:01.891813 | GET /tasks/ | status=200
2026-07-15 13:26:27.342876 | GET /tasks/my | status=200
2026-07-15 13:26:28.239085 | GET /tasks/ | status=200
2026-07-15 13:26:55.566749 | OPTIONS /tasks/ | status=200
2026-07-15 13:26:55.659574 | POST /tasks/ | status=201
2026-07-15 13:26:55.675474 | GET /tasks/ | status=200
2026-07-15 13:26:59.726605 | OPTIONS /tasks/8/comments/ | status=200
2026-07-15 13:26:59.741078 | GET /tasks/8/comments/ | status=200
2026-07-15 13:27:06.931059 | GET /tasks/my | status=200
2026-07-15 13:27:09.313587 | GET /tasks/ | status=200
2026-07-15 13:27:09.862273 | GET /tasks/my | status=200
2026-07-15 13:27:10.579678 | GET /tasks/ | status=200
2026-07-15 13:27:10.935137 | GET /tasks/my | status=200
2026-07-15 13:27:12.125411 | GET /tasks/ | status=200
2026-07-15 13:28:00.837470 | OPTIONS /tasks/3 | status=200
2026-07-15 13:28:00.936670 | PUT /tasks/3 | status=200
2026-07-15 13:28:00.950087 | GET /tasks/ | status=200
2026-07-15 13:28:01.656234 | OPTIONS /tasks/my | status=200
2026-07-15 13:28:01.669032 | GET /tasks/my | status=200
2026-07-15 13:28:02.778695 | GET /tasks/ | status=200
2026-07-15 13:28:06.178052 | OPTIONS /tasks/4 | status=200
2026-07-15 13:28:06.262847 | PUT /tasks/4 | status=200
2026-07-15 13:28:06.279732 | GET /tasks/ | status=200
2026-07-15 13:28:07.451692 | GET /tasks/my | status=200
2026-07-15 13:28:08.263600 | GET /tasks/ | status=200
2026-07-15 13:28:09.934748 | PUT /tasks/5 | status=200
2026-07-15 13:28:09.949088 | GET /tasks/ | status=200
2026-07-15 13:28:12.762040 | GET /tasks/my | status=200
2026-07-15 13:28:13.182137 | GET /tasks/ | status=200
2026-07-15 13:29:25.239397 | GET /tasks/ | status=200
2026-07-15 13:29:25.257201 | GET /tasks/ | status=200
2026-07-15 13:29:27.406156 | PUT /tasks/3 | status=200
2026-07-15 13:29:27.421229 | GET /tasks/ | status=200
2026-07-15 13:29:28.400273 | PUT /tasks/4 | status=200
2026-07-15 13:29:28.417784 | GET /tasks/ | status=200
2026-07-15 13:29:29.174755 | OPTIONS /tasks/5 | status=200
2026-07-15 13:29:29.367297 | PUT /tasks/5 | status=200
2026-07-15 13:29:29.381757 | GET /tasks/ | status=200
2026-07-15 13:29:30.281299 | OPTIONS /tasks/6 | status=200
2026-07-15 13:29:30.329959 | PUT /tasks/6 | status=200
2026-07-15 13:29:30.348263 | GET /tasks/ | status=200
2026-07-15 13:29:31.667524 | PUT /tasks/6 | status=200
2026-07-15 13:29:31.683625 | GET /tasks/ | status=200
2026-07-15 13:29:32.588960 | PUT /tasks/5 | status=200
2026-07-15 13:29:32.604242 | GET /tasks/ | status=200
2026-07-15 13:29:33.547624 | PUT /tasks/4 | status=200
2026-07-15 13:29:33.566369 | GET /tasks/ | status=200
2026-07-15 13:29:35.039297 | PUT /tasks/3 | status=200
2026-07-15 13:29:35.056333 | GET /tasks/ | status=200
2026-07-15 13:29:35.712581 | GET /tasks/my | status=200
2026-07-15 13:29:36.481933 | GET /tasks/ | status=200
2026-07-15 13:29:36.835064 | GET /tasks/my | status=200
2026-07-15 13:29:37.572949 | GET /tasks/ | status=200
2026-07-15 13:30:34.155469 | GET /tasks/ | status=200
2026-07-15 13:30:34.172809 | GET /tasks/ | status=200
2026-07-15 13:32:35.836206 | GET /tasks/ | status=200
2026-07-15 13:32:35.854951 | GET /tasks/ | status=200
2026-07-15 13:32:40.339361 | PUT /tasks/3 | status=200
2026-07-15 13:32:40.356851 | GET /tasks/ | status=200
2026-07-15 13:32:41.885041 | PUT /tasks/3 | status=200
2026-07-15 13:32:41.903522 | GET /tasks/ | status=200
2026-07-15 13:35:10.694676 | OPTIONS /tasks/8 | status=200
2026-07-15 13:35:10.746757 | PUT /tasks/8 | status=200
2026-07-15 13:35:10.763883 | GET /tasks/ | status=200
2026-07-15 13:35:39.634112 | PUT /tasks/4 | status=200
2026-07-15 13:35:39.650998 | GET /tasks/ | status=200
2026-07-15 13:36:17.931534 | OPTIONS /tasks/2 | status=200
2026-07-15 13:36:18.008042 | PUT /tasks/2 | status=200
2026-07-15 13:36:18.031263 | GET /tasks/ | status=200
2026-07-15 13:36:51.047117 | PUT /tasks/4 | status=200
2026-07-15 13:36:51.062191 | GET /tasks/ | status=200
2026-07-15 13:36:52.708607 | PUT /tasks/4 | status=200
2026-07-15 13:36:52.725757 | GET /tasks/ | status=200
2026-07-15 13:37:49.679348 | OPTIONS /tasks/ | status=200
2026-07-15 13:37:49.682728 | OPTIONS /tasks/ | status=200
2026-07-15 13:37:49.693782 | GET /tasks/ | status=200
2026-07-15 13:37:49.705272 | GET /tasks/ | status=200
2026-07-15 13:37:54.204050 | PUT /tasks/2 | status=200
2026-07-15 13:37:54.219821 | GET /tasks/ | status=200
2026-07-15 13:37:55.865761 | PUT /tasks/2 | status=200
2026-07-15 13:37:55.882326 | GET /tasks/ | status=200
2026-07-15 13:38:56.073643 | GET /tasks/ | status=200
2026-07-15 13:38:56.085470 | GET /tasks/ | status=200
2026-07-15 13:38:57.705716 | OPTIONS /projects/ | status=200
2026-07-15 13:38:57.716493 | OPTIONS /projects/ | status=200
2026-07-15 13:38:57.725226 | GET /projects/ | status=200
2026-07-15 13:38:57.736928 | GET /projects/ | status=200
2026-07-15 13:39:04.643391 | GET /projects/ | status=200
2026-07-15 13:39:04.655166 | GET /projects/ | status=200
2026-07-15 13:39:06.737081 | GET /tasks/ | status=200
2026-07-15 13:39:06.752823 | GET /tasks/ | status=200
2026-07-15 13:39:17.038474 | OPTIONS /users/login | status=200
2026-07-15 13:39:17.948600 | POST /users/login | status=200
2026-07-15 13:39:17.975228 | GET /tasks/ | status=200
2026-07-15 13:39:17.989095 | GET /tasks/ | status=200
2026-07-15 13:39:20.378524 | PUT /tasks/2 | status=200
2026-07-15 13:39:20.390716 | GET /tasks/ | status=200
2026-07-15 13:39:22.339537 | OPTIONS /tasks/3 | status=200
2026-07-15 13:39:22.425556 | PUT /tasks/3 | status=200
2026-07-15 13:39:22.442409 | GET /tasks/ | status=200
2026-07-15 13:39:23.176213 | OPTIONS /tasks/4 | status=200
2026-07-15 13:39:23.254491 | PUT /tasks/4 | status=200
2026-07-15 13:39:23.273532 | GET /tasks/ | status=200
2026-07-15 13:39:24.132939 | PUT /tasks/5 | status=200
2026-07-15 13:39:24.149851 | GET /tasks/ | status=200
2026-07-15 13:39:25.049520 | PUT /tasks/6 | status=200
2026-07-15 13:39:25.071595 | GET /tasks/ | status=200
2026-07-15 13:39:26.331191 | PUT /tasks/8 | status=200
2026-07-15 13:39:26.346115 | GET /tasks/ | status=200
2026-07-15 13:39:27.644144 | PUT /tasks/2 | status=200
2026-07-15 13:39:27.659117 | GET /tasks/ | status=200
2026-07-15 13:39:29.119859 | PUT /tasks/4 | status=200
2026-07-15 13:39:29.135446 | GET /tasks/ | status=200
2026-07-15 13:39:30.291606 | PUT /tasks/6 | status=200
2026-07-15 13:39:30.306481 | GET /tasks/ | status=200
2026-07-15 13:39:32.547137 | OPTIONS /tasks/my | status=200
2026-07-15 13:39:32.562554 | GET /tasks/my | status=200
2026-07-15 13:39:37.858529 | OPTIONS /users/ | status=200
2026-07-15 13:39:37.862400 | OPTIONS /users/ | status=200
2026-07-15 13:39:37.874095 | GET /users/ | status=200
2026-07-15 13:39:37.893510 | GET /users/ | status=200
2026-07-15 13:39:39.592513 | GET /tasks/ | status=200
2026-07-15 13:39:39.608197 | GET /tasks/ | status=200
2026-07-15 13:39:44.778212 | PUT /tasks/3 | status=200
2026-07-15 13:39:44.796944 | GET /tasks/ | status=200
2026-07-15 13:39:45.958635 | OPTIONS /tasks/5 | status=200
2026-07-15 13:39:46.037108 | PUT /tasks/5 | status=200
2026-07-15 13:39:46.055992 | GET /tasks/ | status=200
2026-07-15 13:39:47.164309 | PUT /tasks/8 | status=200
2026-07-15 13:39:47.179512 | GET /tasks/ | status=200
2026-07-15 13:39:47.878731 | GET /tasks/my | status=200
2026-07-15 13:39:52.433009 | GET /tasks/ | status=200
2026-07-15 13:40:01.257119 | PUT /tasks/4 | status=200
2026-07-15 13:40:01.275971 | GET /tasks/ | status=200
2026-07-15 13:40:02.973530 | PUT /tasks/2 | status=200
2026-07-15 13:40:02.988226 | GET /tasks/ | status=200
2026-07-15 13:40:03.963602 | PUT /tasks/3 | status=200
2026-07-15 13:40:03.980633 | GET /tasks/ | status=200
2026-07-15 13:40:05.254278 | PUT /tasks/5 | status=200
2026-07-15 13:40:05.270650 | GET /tasks/ | status=200
2026-07-15 13:40:06.096625 | OPTIONS /tasks/6 | status=200
2026-07-15 13:40:06.172295 | PUT /tasks/6 | status=200
2026-07-15 13:40:06.189439 | GET /tasks/ | status=200
2026-07-15 13:40:07.095327 | PUT /tasks/8 | status=200
2026-07-15 13:40:07.114202 | GET /tasks/ | status=200
2026-07-15 13:40:08.348227 | GET /tasks/my | status=200
2026-07-15 13:40:11.885820 | GET /tasks/ | status=200
2026-07-15 13:40:17.461773 | PUT /tasks/4 | status=200
2026-07-15 13:40:17.479045 | GET /tasks/ | status=200
2026-07-15 13:40:20.518744 | PUT /tasks/8 | status=200
2026-07-15 13:40:20.539067 | GET /tasks/ | status=200
2026-07-15 13:40:21.437234 | GET /tasks/my | status=200
2026-07-15 13:40:22.072090 | GET /tasks/ | status=200
2026-07-15 13:40:24.205693 | PUT /tasks/5 | status=200
2026-07-15 13:40:24.226695 | GET /tasks/ | status=200
2026-07-15 13:40:26.416620 | GET /tasks/my | status=200
2026-07-15 13:40:26.903044 | GET /tasks/ | status=200
2026-07-15 13:41:41.796278 | GET /tasks/ | status=200
2026-07-15 13:41:41.807399 | GET /tasks/ | status=200
2026-07-15 13:41:43.715804 | PUT /tasks/2 | status=200
2026-07-15 13:41:43.732649 | GET /tasks/ | status=200
2026-07-15 13:41:45.035738 | PUT /tasks/3 | status=200
2026-07-15 13:41:45.050081 | GET /tasks/ | status=200
2026-07-15 13:41:46.118099 | GET /tasks/my | status=200
2026-07-15 13:41:48.185020 | GET /tasks/ | status=200
2026-07-15 13:41:52.203363 | OPTIONS /tasks/2/comments/ | status=200
2026-07-15 13:41:52.217969 | GET /tasks/2/comments/ | status=200
2026-07-15 13:42:34.216013 | OPTIONS /tasks/5/comments/ | status=200
2026-07-15 13:42:34.227660 | GET /tasks/5/comments/ | status=200
2026-07-15 13:42:37.566223 | OPTIONS /tasks/5/comments/ | status=200
2026-07-15 13:42:37.606116 | POST /tasks/5/comments/ | status=200
2026-07-15 13:42:37.623327 | GET /tasks/5/comments/ | status=200
2026-07-15 13:42:55.759487 | OPTIONS /tasks/4/comments/ | status=200
2026-07-15 13:42:55.769894 | GET /tasks/4/comments/ | status=200
2026-07-15 13:42:58.785848 | OPTIONS /tasks/4/comments/ | status=200
2026-07-15 13:42:58.844749 | POST /tasks/4/comments/ | status=200
2026-07-15 13:42:58.861665 | GET /tasks/4/comments/ | status=200
2026-07-15 13:43:17.499873 | PUT /tasks/2 | status=200
2026-07-15 13:43:17.517267 | GET /tasks/ | status=200
2026-07-15 13:43:18.487197 | OPTIONS /tasks/3/comments/ | status=200
2026-07-15 13:43:18.499745 | GET /tasks/3/comments/ | status=200
2026-07-15 13:43:26.329063 | OPTIONS /tasks/3/comments/ | status=200
2026-07-15 13:43:26.404606 | POST /tasks/3/comments/ | status=200
2026-07-15 13:43:26.421425 | GET /tasks/3/comments/ | status=200
2026-07-15 13:43:28.444790 | GET /projects/ | status=200
2026-07-15 13:43:28.459608 | GET /projects/ | status=200
2026-07-15 13:43:30.136050 | GET /tasks/ | status=200
2026-07-15 13:43:30.148389 | GET /tasks/ | status=200
2026-07-15 13:44:05.135677 | OPTIONS /users/register | status=200
2026-07-15 13:44:06.086421 | POST /users/register | status=201
2026-07-15 13:44:16.284778 | POST /users/login | status=401
2026-07-15 13:44:22.944825 | POST /users/login | status=401
2026-07-15 13:44:24.111126 | POST /users/login | status=401
2026-07-15 13:44:24.934786 | POST /users/login | status=401
2026-07-15 13:44:30.472483 | POST /users/login | status=401
2026-07-15 13:45:10.651982 | POST /users/register | status=201
2026-07-15 13:45:20.149919 | POST /users/login | status=200
2026-07-15 13:45:20.183943 | GET /tasks/ | status=200
2026-07-15 13:45:20.197272 | GET /tasks/ | status=200
2026-07-15 13:45:22.770595 | GET /tasks/2/comments/ | status=200
2026-07-15 13:45:26.222341 | GET /tasks/my | status=200
2026-07-15 13:45:27.077506 | GET /tasks/ | status=200
2026-07-15 13:45:28.403518 | GET /projects/ | status=200
2026-07-15 13:45:28.414071 | GET /projects/ | status=200
2026-07-15 13:46:00.402969 | GET /tasks/ | status=200
2026-07-15 13:46:00.416663 | GET /tasks/ | status=200
2026-07-15 13:46:01.599659 | GET /tasks/2/comments/ | status=200
2026-07-15 13:46:04.336413 | GET /tasks/3/comments/ | status=200
2026-07-15 13:46:08.013139 | GET /tasks/4/comments/ | status=200
2026-07-15 13:46:11.626073 | GET /tasks/5/comments/ | status=200
2026-07-15 13:46:46.954623 | GET /tasks/5/comments/ | status=200
2026-07-15 13:46:54.791062 | PUT /tasks/6 | status=403
2026-07-15 13:46:56.482934 | PUT /tasks/6 | status=403
2026-07-15 13:47:03.055289 | PUT /tasks/6 | status=403
2026-07-15 13:47:05.462030 | GET /tasks/my | status=200
2026-07-15 13:47:06.174373 | GET /tasks/ | status=200
2026-07-15 13:47:14.219607 | GET /tasks/5/comments/ | status=200
2026-07-15 13:49:15.023711 | OPTIONS /tasks/ | status=200
2026-07-15 13:49:15.030404 | OPTIONS /tasks/ | status=200
2026-07-15 13:49:15.046292 | GET /tasks/ | status=200
2026-07-15 13:49:15.063825 | GET /tasks/ | status=200
2026-07-15 13:49:17.411641 | PUT /tasks/6 | status=403
2026-07-15 13:49:18.724599 | PUT /tasks/6 | status=403
2026-07-15 13:49:19.939070 | PUT /tasks/6 | status=403
2026-07-15 13:49:21.664040 | GET /tasks/my | status=200
2026-07-15 13:49:22.405120 | GET /tasks/ | status=200
2026-07-15 13:49:42.804861 | OPTIONS /users/login | status=200
2026-07-15 13:49:43.709050 | POST /users/login | status=200
2026-07-15 13:49:43.731526 | GET /tasks/ | status=200
2026-07-15 13:49:43.750042 | GET /tasks/ | status=200
2026-07-15 13:50:20.163292 | POST /users/login | status=200
2026-07-15 13:50:20.194538 | GET /tasks/ | status=200
2026-07-15 13:50:20.211030 | GET /tasks/ | status=200
2026-07-15 13:50:24.679087 | OPTIONS /tasks/2 | status=200
2026-07-15 13:50:24.749523 | DELETE /tasks/2 | status=200
2026-07-15 13:50:24.767529 | GET /tasks/ | status=200
2026-07-15 13:50:26.335723 | OPTIONS /tasks/3 | status=200
2026-07-15 13:50:26.404713 | DELETE /tasks/3 | status=200
2026-07-15 13:50:26.424999 | GET /tasks/ | status=200
2026-07-15 13:50:27.649022 | OPTIONS /tasks/4 | status=200
2026-07-15 13:50:27.719987 | DELETE /tasks/4 | status=200
2026-07-15 13:50:27.736273 | GET /tasks/ | status=200
2026-07-15 13:50:29.231379 | OPTIONS /tasks/5 | status=200
2026-07-15 13:50:29.328125 | DELETE /tasks/5 | status=200
2026-07-15 13:50:29.344850 | GET /tasks/ | status=200
2026-07-15 13:50:30.489843 | OPTIONS /tasks/6 | status=200
2026-07-15 13:50:30.587376 | DELETE /tasks/6 | status=200
2026-07-15 13:50:30.607311 | GET /tasks/ | status=200
2026-07-15 13:50:31.832793 | OPTIONS /tasks/8 | status=200
2026-07-15 13:50:31.902373 | DELETE /tasks/8 | status=200
2026-07-15 13:50:31.917552 | GET /tasks/ | status=200
2026-07-15 13:52:26.936944 | OPTIONS /tasks/ | status=200
2026-07-15 13:52:26.999542 | POST /tasks/ | status=201
2026-07-15 13:52:27.010925 | GET /tasks/ | status=200
2026-07-15 13:52:56.339649 | POST /tasks/ | status=201
2026-07-15 13:52:56.354950 | GET /tasks/ | status=200
2026-07-15 13:53:23.101489 | POST /tasks/ | status=201
2026-07-15 13:53:23.114148 | GET /tasks/ | status=200
2026-07-15 13:53:48.868985 | POST /tasks/ | status=201
2026-07-15 13:53:48.881039 | GET /tasks/ | status=200
2026-07-15 13:54:07.781733 | POST /tasks/ | status=201
2026-07-15 13:54:07.793874 | GET /tasks/ | status=200
2026-07-15 13:54:35.556594 | POST /tasks/ | status=201
2026-07-15 13:54:35.569107 | GET /tasks/ | status=200
2026-07-15 13:54:41.699433 | OPTIONS /tasks/my | status=200
2026-07-15 13:54:41.708841 | GET /tasks/my | status=200
2026-07-15 13:54:43.811142 | GET /tasks/ | status=200
2026-07-15 13:54:50.113337 | OPTIONS /tasks/9 | status=200
2026-07-15 13:54:50.181640 | PUT /tasks/9 | status=200
2026-07-15 13:54:50.194270 | GET /tasks/ | status=200
2026-07-15 13:54:50.898650 | GET /tasks/my | status=200
2026-07-15 13:55:39.006005 | GET /tasks/ | status=200
2026-07-15 13:55:44.535033 | GET /tasks/my | status=200
2026-07-15 13:55:45.102886 | GET /tasks/ | status=200
2026-07-15 13:56:34.187099 | PUT /tasks/9 | status=200
2026-07-15 13:56:34.200656 | GET /tasks/ | status=200
2026-07-15 13:56:38.901278 | OPTIONS /projects/ | status=200
2026-07-15 13:56:38.904870 | OPTIONS /projects/ | status=200
2026-07-15 13:56:38.913469 | GET /projects/ | status=200
2026-07-15 13:56:38.923497 | GET /projects/ | status=200
2026-07-15 13:56:40.108460 | GET /tasks/ | status=200
2026-07-15 13:56:40.117961 | GET /tasks/ | status=200
2026-07-15 13:56:57.293745 | POST /users/login | status=200
2026-07-15 13:56:57.316158 | GET /tasks/ | status=200
2026-07-15 13:56:57.323525 | GET /tasks/ | status=200
2026-07-15 13:57:00.849630 | PUT /tasks/9 | status=200
2026-07-15 13:57:00.863183 | GET /tasks/ | status=200
2026-07-15 13:57:01.959701 | GET /tasks/my | status=200
2026-07-15 13:57:03.592742 | GET /tasks/ | status=200
2026-07-15 13:57:09.933699 | OPTIONS /tasks/9/comments/ | status=200
2026-07-15 13:57:09.945496 | GET /tasks/9/comments/ | status=200
2026-07-15 13:57:31.516437 | GET /tasks/9/comments/ | status=200
2026-07-15 13:57:34.060471 | OPTIONS /tasks/9/comments/ | status=200
2026-07-15 13:57:34.124212 | POST /tasks/9/comments/ | status=200
2026-07-15 13:57:34.133182 | GET /tasks/9/comments/ | status=200
2026-07-15 13:57:42.144038 | GET /tasks/9/comments/ | status=200
2026-07-15 13:59:30.098766 | OPTIONS /users/register | status=200
2026-07-15 13:59:30.803394 | POST /users/register | status=201
2026-07-15 13:59:49.321891 | OPTIONS /users/login | status=200
2026-07-15 13:59:49.960857 | POST /users/login | status=200
2026-07-15 13:59:49.976991 | GET /tasks/ | status=200
2026-07-15 13:59:49.986894 | GET /tasks/ | status=200
2026-07-15 13:59:58.039618 | OPTIONS /tasks/12 | status=200
2026-07-15 13:59:58.115153 | PUT /tasks/12 | status=200
2026-07-15 13:59:58.124997 | GET /tasks/ | status=200
2026-07-15 14:00:00.993757 | PUT /tasks/12 | status=200
2026-07-15 14:00:01.005129 | GET /tasks/ | status=200
2026-07-15 14:00:05.731976 | OPTIONS /tasks/12/comments/ | status=200
2026-07-15 14:00:05.744365 | GET /tasks/12/comments/ | status=200
2026-07-15 14:00:09.392426 | OPTIONS /tasks/12/comments/ | status=200
2026-07-15 14:00:09.417505 | POST /tasks/12/comments/ | status=200
2026-07-15 14:00:09.429731 | GET /tasks/12/comments/ | status=200
2026-07-15 14:00:13.157885 | GET /tasks/my | status=200
2026-07-15 14:00:18.989815 | GET /tasks/12/comments/ | status=200
2026-07-15 14:00:25.450494 | GET /projects/ | status=200
2026-07-15 14:00:25.461405 | GET /projects/ | status=200
2026-07-15 14:00:27.044490 | GET /tasks/ | status=200
2026-07-15 14:00:27.054810 | GET /tasks/ | status=200
2026-07-15 14:00:35.578424 | GET /tasks/my | status=200
2026-07-15 14:00:36.348624 | GET /tasks/ | status=200
2026-07-15 14:01:39.872166 | POST /users/register | status=201
2026-07-15 14:01:57.220333 | POST /users/login | status=200
2026-07-15 14:01:57.240220 | GET /tasks/ | status=200
2026-07-15 14:01:57.250330 | GET /tasks/ | status=200
2026-07-15 14:02:03.933433 | OPTIONS /tasks/10 | status=200
2026-07-15 14:02:03.999240 | PUT /tasks/10 | status=200
2026-07-15 14:02:04.011165 | GET /tasks/ | status=200
2026-07-15 14:02:11.821858 | OPTIONS /tasks/10/comments/ | status=200
2026-07-15 14:02:11.835339 | GET /tasks/10/comments/ | status=200
2026-07-15 14:02:15.698373 | OPTIONS /tasks/10/comments/ | status=200
2026-07-15 14:02:15.766476 | POST /tasks/10/comments/ | status=200
2026-07-15 14:02:15.778001 | GET /tasks/10/comments/ | status=200
2026-07-15 14:02:17.696784 | GET /tasks/my | status=200
2026-07-15 14:02:21.206497 | GET /projects/ | status=200
2026-07-15 14:02:21.217438 | GET /projects/ | status=200
2026-07-15 14:02:22.414355 | GET /tasks/ | status=200
2026-07-15 14:02:22.423664 | GET /tasks/ | status=200
2026-07-15 14:02:34.024794 | GET /tasks/10/comments/ | status=200
2026-07-15 14:02:38.011466 | GET /tasks/10/comments/ | status=200
2026-07-15 14:04:20.046055 | PUT /tasks/10 | status=200
2026-07-15 14:04:20.051923 | OPTIONS /tasks/ | status=200
2026-07-15 14:04:20.061616 | GET /tasks/ | status=200
2026-07-15 14:04:21.647227 | PUT /tasks/10 | status=200
2026-07-15 14:04:21.659050 | GET /tasks/ | status=200
2026-07-15 14:04:42.924014 | GET /tasks/ | status=200
2026-07-15 14:04:42.938141 | GET /tasks/ | status=200
2026-07-15 14:04:47.398089 | OPTIONS /tasks/my | status=200
2026-07-15 14:04:47.410095 | GET /tasks/my | status=200
2026-07-15 14:04:48.893190 | GET /tasks/ | status=200
2026-07-15 14:04:50.692251 | PUT /tasks/10 | status=200
2026-07-15 14:04:50.713274 | GET /tasks/ | status=200
2026-07-15 14:04:51.486626 | GET /tasks/my | status=200
2026-07-15 14:04:53.183750 | GET /tasks/ | status=200
2026-07-15 14:05:05.508711 | OPTIONS /tasks/11 | status=200
2026-07-15 14:05:05.572981 | PUT /tasks/11 | status=200
2026-07-15 14:05:05.585586 | GET /tasks/ | status=200
2026-07-15 14:05:06.398727 | GET /tasks/my | status=200
2026-07-15 14:05:07.104755 | GET /tasks/ | status=200
2026-07-15 14:05:59.707154 | POST /users/register | status=201
2026-07-15 14:06:24.835882 | POST /users/login | status=200
2026-07-15 14:06:24.860638 | GET /tasks/ | status=200
2026-07-15 14:06:24.874462 | GET /tasks/ | status=200
2026-07-15 14:06:31.479719 | OPTIONS /tasks/13 | status=200
2026-07-15 14:06:31.551546 | PUT /tasks/13 | status=200
2026-07-15 14:06:31.562508 | GET /tasks/ | status=200
2026-07-15 14:06:38.694687 | OPTIONS /tasks/13/comments/ | status=200
2026-07-15 14:06:38.705836 | GET /tasks/13/comments/ | status=200
2026-07-15 14:06:55.228178 | OPTIONS /tasks/13/comments/ | status=200
2026-07-15 14:06:55.289760 | POST /tasks/13/comments/ | status=200
2026-07-15 14:06:55.299632 | GET /tasks/13/comments/ | status=200
2026-07-15 14:07:14.683369 | POST /tasks/13/comments/ | status=200
2026-07-15 14:07:14.694993 | GET /tasks/13/comments/ | status=200
2026-07-15 14:07:18.886319 | GET /tasks/my | status=200
2026-07-15 14:07:22.410222 | GET /tasks/13/comments/ | status=200
2026-07-15 14:07:46.565084 | POST /users/login | status=200
2026-07-15 14:07:46.587980 | GET /tasks/ | status=200
2026-07-15 14:07:46.596650 | GET /tasks/ | status=200
2026-07-15 14:07:54.314555 | OPTIONS /users/ | status=200
2026-07-15 14:07:54.317335 | OPTIONS /users/ | status=200
2026-07-15 14:07:54.329757 | GET /users/ | status=200
2026-07-15 14:07:54.343597 | GET /users/ | status=200
2026-07-15 14:07:59.428118 | GET /tasks/ | status=200
2026-07-15 14:07:59.437775 | GET /tasks/ | status=200
2026-07-15 14:08:01.986881 | OPTIONS /projects/ | status=200
2026-07-15 14:08:01.994815 | OPTIONS /projects/ | status=200
2026-07-15 14:08:01.998706 | GET /projects/ | status=200
2026-07-15 14:08:02.007778 | GET /projects/ | status=200
2026-07-15 14:08:03.551218 | GET /tasks/ | status=200
2026-07-15 14:08:03.561722 | GET /tasks/ | status=200
2026-07-15 14:08:08.245575 | GET /users/ | status=200
2026-07-15 14:08:08.258681 | GET /users/ | status=200
2026-07-15 14:08:08.910682 | GET /tasks/ | status=200
2026-07-15 14:08:08.922445 | GET /tasks/ | status=200
2026-07-15 14:10:20.422853 | OPTIONS /users/register | status=200
2026-07-15 14:10:20.792096 | POST /users/register | status=201
2026-07-15 14:10:48.166861 | OPTIONS /users/login | status=200
2026-07-15 14:10:48.506244 | POST /users/login | status=200
2026-07-15 14:10:48.519278 | GET /tasks/ | status=200
2026-07-15 14:10:48.527028 | GET /tasks/ | status=200
2026-07-15 14:11:47.657880 | POST /users/login | status=200
2026-07-15 14:11:47.681841 | GET /tasks/ | status=200
2026-07-15 14:11:47.687110 | GET /tasks/ | status=200
2026-07-15 14:11:56.712587 | GET /users/ | status=200
2026-07-15 14:11:56.722795 | GET /users/ | status=200
2026-07-15 14:11:59.804291 | OPTIONS /users/16 | status=200
2026-07-15 14:11:59.834798 | DELETE /users/16 | status=200
2026-07-15 14:11:59.854061 | GET /users/ | status=200
2026-07-15 14:12:01.432295 | GET /tasks/ | status=200
2026-07-15 14:12:01.437490 | GET /tasks/ | status=200
2026-07-15 14:12:06.098012 | GET /projects/ | status=200
2026-07-15 14:12:06.101908 | GET /projects/ | status=200
2026-07-15 14:12:39.263758 | GET /tasks/ | status=200
2026-07-15 14:12:39.272949 | GET /tasks/ | status=200
2026-07-15 14:12:43.699528 | OPTIONS /tasks/9/comments/ | status=200
2026-07-15 14:12:43.709675 | GET /tasks/9/comments/ | status=200
2026-07-15 14:14:33.607106 | GET /users/ | status=200
2026-07-15 14:14:33.632802 | GET /users/ | status=200
2026-07-15 14:14:35.747037 | GET /projects/ | status=200
2026-07-15 14:14:35.753025 | GET /projects/ | status=200
2026-07-15 14:14:36.968908 | OPTIONS /tasks/ | status=200
2026-07-15 14:14:36.971479 | OPTIONS /tasks/ | status=200
2026-07-15 14:14:36.978990 | GET /tasks/ | status=200
2026-07-15 14:14:36.985943 | GET /tasks/ | status=200
2026-07-15 14:14:44.004713 | OPTIONS /tasks/10/comments/ | status=200
2026-07-15 14:14:44.013311 | GET /tasks/10/comments/ | status=200
2026-07-15 14:14:45.921653 | GET /tasks/9/comments/ | status=200
2026-07-15 14:14:47.294177 | GET /tasks/10/comments/ | status=200
2026-07-15 14:14:50.309780 | GET /tasks/10/comments/ | status=200
2026-07-15 14:18:30.883391 | GET /docs | status=200
2026-07-15 14:18:32.225848 | GET /openapi.json | status=200
2026-07-15 14:19:21.323964 | GET /tasks/ | status=401
2026-07-15 14:20:38.092987 | POST /users/login | status=200
2026-07-15 14:20:38.115214 | GET /tasks/ | status=200
2026-07-15 14:20:38.123557 | GET /tasks/ | status=200
2026-07-15 14:20:40.201484 | OPTIONS /tasks/my | status=200
2026-07-15 14:20:40.208533 | GET /tasks/my | status=200
2026-07-15 14:20:43.788967 | OPTIONS /tasks/9 | status=200
2026-07-15 14:20:43.815686 | PUT /tasks/9 | status=200
2026-07-15 14:20:43.821743 | GET /tasks/my | status=200
2026-07-15 14:20:44.900265 | PUT /tasks/9 | status=200
2026-07-15 14:20:44.910458 | GET /tasks/my | status=200
2026-07-15 14:20:45.705747 | GET /tasks/ | status=200
2026-07-15 14:20:47.128553 | GET /tasks/my | status=200
2026-07-15 14:20:49.053528 | GET /tasks/ | status=200
2026-07-15 14:20:59.982687 | PUT /tasks/9 | status=200
2026-07-15 14:20:59.994330 | GET /tasks/ | status=200
2026-07-15 14:21:01.178565 | GET /tasks/my | status=200
2026-07-15 14:21:02.092844 | GET /tasks/ | status=200
2026-07-15 14:21:12.174791 | OPTIONS /users/login | status=200
2026-07-15 14:21:12.486389 | POST /users/login | status=200
2026-07-15 14:21:12.512116 | GET /tasks/ | status=200
2026-07-15 14:21:12.519950 | GET /tasks/ | status=200
2026-07-15 14:30:32.985005 | OPTIONS /tasks/9/comments/ | status=200
2026-07-15 14:30:32.994955 | GET /tasks/9/comments/ | status=200
2026-07-15 14:33:40.269281 | OPTIONS /users/login | status=200
2026-07-15 14:33:40.608707 | POST /users/login | status=200
2026-07-15 14:33:40.618296 | OPTIONS /tasks/ | status=200
2026-07-15 14:33:40.621240 | OPTIONS /tasks/ | status=200
2026-07-15 14:33:40.627715 | GET /tasks/ | status=200
2026-07-15 14:33:40.634986 | GET /tasks/ | status=200
2026-07-15 14:33:47.374391 | OPTIONS /projects/ | status=200
2026-07-15 14:33:47.375870 | OPTIONS /projects/ | status=200
2026-07-15 14:33:47.381891 | GET /projects/ | status=200
2026-07-15 14:33:47.389953 | GET /projects/ | status=200
2026-07-15 14:33:49.496335 | GET /tasks/ | status=200
2026-07-15 14:33:49.507173 | GET /tasks/ | status=200
2026-07-15 14:33:53.227409 | OPTIONS /tasks/my | status=200
2026-07-15 14:33:53.237738 | GET /tasks/my | status=200
2026-07-15 14:34:03.264494 | OPTIONS /tasks/9 | status=200
2026-07-15 14:34:03.309116 | PUT /tasks/9 | status=200
2026-07-15 14:34:03.316886 | GET /tasks/my | status=200
2026-07-15 14:34:04.391194 | PUT /tasks/9 | status=400
2026-07-15 14:34:07.045679 | GET /tasks/my | status=200
2026-07-15 14:34:10.131240 | PUT /tasks/9 | status=200
2026-07-15 14:34:10.140321 | GET /tasks/my | status=200
2026-07-15 14:34:11.465218 | PUT /tasks/9 | status=200
2026-07-15 14:34:11.472248 | GET /tasks/my | status=200
2026-07-15 14:34:12.719830 | PUT /tasks/9 | status=200
2026-07-15 14:34:12.727197 | GET /tasks/my | status=200
2026-07-15 14:34:14.390571 | GET /tasks/ | status=200
2026-07-15 14:34:41.957395 | POST /users/login | status=200
2026-07-15 14:34:41.978527 | GET /tasks/ | status=200
2026-07-15 14:34:41.991125 | GET /tasks/ | status=200
2026-07-15 14:34:53.745819 | GET /tasks/my | status=200
2026-07-15 14:34:58.108224 | GET /tasks/ | status=200
2026-07-15 14:35:02.114837 | OPTIONS /tasks/10/comments/ | status=200
2026-07-15 14:35:02.122856 | GET /tasks/10/comments/ | status=200
2026-07-15 14:35:17.374779 | OPTIONS /tasks/10/comments/ | status=200
2026-07-15 14:35:17.418850 | POST /tasks/10/comments/ | status=200
2026-07-15 14:35:17.425086 | GET /tasks/10/comments/ | status=200
2026-07-15 14:35:26.986808 | OPTIONS /tasks/ | status=200
2026-07-15 14:35:27.009981 | GET /tasks/ | status=200
2026-07-15 14:35:28.768743 | GET /tasks/ | status=200
2026-07-15 14:35:30.777998 | OPTIONS /tasks/ | status=200
2026-07-15 14:35:30.785850 | GET /tasks/ | status=200
2026-07-15 14:35:32.101605 | OPTIONS /tasks/ | status=200
2026-07-15 14:35:32.108909 | GET /tasks/ | status=200
2026-07-15 14:35:33.257891 | OPTIONS /tasks/ | status=200
2026-07-15 14:35:33.262725 | GET /tasks/ | status=200
2026-07-15 14:35:35.778045 | GET /tasks/ | status=200
2026-07-15 14:35:37.085373 | OPTIONS /tasks/ | status=200
2026-07-15 14:35:37.092647 | GET /tasks/ | status=200
2026-07-15 14:35:38.673857 | OPTIONS /tasks/ | status=200
2026-07-15 14:35:38.680732 | GET /tasks/ | status=200
2026-07-15 14:35:40.958534 | OPTIONS /tasks/ | status=200
2026-07-15 14:35:40.964302 | GET /tasks/ | status=200
2026-07-15 14:35:43.061486 | GET /tasks/ | status=200
2026-07-15 14:35:45.564908 | GET /tasks/my | status=200
2026-07-15 14:35:49.906695 | GET /tasks/ | status=200
2026-07-15 14:35:53.600038 | OPTIONS /tasks/11 | status=200
2026-07-15 14:35:53.646747 | PUT /tasks/11 | status=200
2026-07-15 14:35:53.657766 | GET /tasks/ | status=200
2026-07-15 14:35:55.002432 | OPTIONS /tasks/11/comments/ | status=200
2026-07-15 14:35:55.008449 | GET /tasks/11/comments/ | status=200
2026-07-15 14:36:09.411404 | OPTIONS /tasks/11/comments/ | status=200
2026-07-15 14:36:09.486672 | POST /tasks/11/comments/ | status=200
2026-07-15 14:36:09.494129 | GET /tasks/11/comments/ | status=200
2026-07-15 14:36:57.299937 | OPTIONS /users/register | status=200
2026-07-15 14:36:57.683593 | POST /users/register | status=201
2026-07-15 14:37:15.191309 | POST /users/login | status=200
2026-07-15 14:37:15.204375 | GET /tasks/ | status=200
2026-07-15 14:37:15.215752 | GET /tasks/ | status=200
2026-07-15 14:37:35.910074 | OPTIONS /tasks/14 | status=200
2026-07-15 14:37:35.948300 | PUT /tasks/14 | status=200
2026-07-15 14:37:35.956359 | GET /tasks/ | status=200
2026-07-15 14:37:39.376403 | GET /tasks/my | status=200
2026-07-15 14:37:44.895226 | GET /tasks/ | status=200
2026-07-15 14:38:00.607798 | POST /users/login | status=200
2026-07-15 14:38:00.629415 | GET /tasks/ | status=200
2026-07-15 14:38:00.638695 | GET /tasks/ | status=200
2026-07-15 14:38:06.585782 | GET /tasks/9/comments/ | status=200
2026-07-15 14:38:21.400307 | OPTIONS /tasks/9/comments/ | status=200
2026-07-15 14:38:21.426760 | POST /tasks/9/comments/ | status=200
2026-07-15 14:38:21.437432 | GET /tasks/9/comments/ | status=200
2026-07-15 14:38:27.409436 | OPTIONS /tasks/10 | status=200
2026-07-15 14:38:27.458388 | PUT /tasks/10 | status=200
2026-07-15 14:38:27.467324 | GET /tasks/ | status=200
2026-07-15 14:38:44.283762 | DELETE /tasks/10 | status=200
2026-07-15 14:38:44.296165 | GET /tasks/ | status=200
2026-07-15 14:38:52.255518 | GET /tasks/ | status=200
2026-07-15 14:38:54.150812 | GET /tasks/ | status=200
2026-07-15 14:38:55.456099 | GET /tasks/ | status=200
2026-07-15 14:38:57.126144 | GET /tasks/ | status=200
2026-07-15 14:38:58.494410 | GET /tasks/ | status=200
2026-07-15 14:39:00.827884 | GET /tasks/ | status=200
2026-07-15 14:39:02.094628 | GET /tasks/ | status=200
2026-07-15 14:39:03.402612 | GET /tasks/ | status=200
2026-07-15 14:39:04.535388 | GET /tasks/ | status=200
2026-07-15 14:39:05.629865 | GET /tasks/ | status=200
2026-07-15 14:39:07.651576 | GET /projects/ | status=200
2026-07-15 14:39:07.661786 | GET /projects/ | status=200
2026-07-15 14:39:11.786348 | OPTIONS /projects/3 | status=200
2026-07-15 14:39:11.811603 | DELETE /projects/3 | status=200
2026-07-15 14:39:11.822252 | GET /projects/ | status=200
2026-07-15 14:39:28.413114 | OPTIONS /projects/ | status=200
2026-07-15 14:39:28.437703 | POST /projects/ | status=201
2026-07-15 14:39:28.446038 | GET /projects/ | status=200
2026-07-15 14:39:34.857834 | GET /tasks/ | status=200
2026-07-15 14:39:34.862974 | GET /tasks/ | status=200
2026-07-15 14:40:00.648260 | OPTIONS /tasks/ | status=200
2026-07-15 14:40:00.677135 | POST /tasks/ | status=201
2026-07-15 14:40:00.690495 | GET /tasks/ | status=200
2026-07-15 14:40:47.082071 | OPTIONS /users/ | status=200
2026-07-15 14:40:47.091223 | OPTIONS /users/ | status=200
2026-07-15 14:40:47.097558 | GET /users/ | status=200
2026-07-15 14:40:47.108687 | GET /users/ | status=200
2026-07-15 14:40:57.389690 | OPTIONS /users/5 | status=200
2026-07-15 14:40:57.408725 | DELETE /users/5 | status=200
2026-07-15 14:40:57.431632 | GET /users/ | status=200
2026-07-15 14:41:03.159518 | OPTIONS /users/2 | status=200
2026-07-15 14:41:03.175653 | DELETE /users/2 | status=200
2026-07-15 14:41:03.186862 | GET /users/ | status=200
2026-07-15 14:41:08.843619 | GET /tasks/ | status=200
2026-07-15 14:41:08.850568 | GET /tasks/ | status=200
2026-07-15 14:41:12.494753 | OPTIONS /tasks/12 | status=200
2026-07-15 14:41:12.524327 | PUT /tasks/12 | status=200
2026-07-15 14:41:12.532304 | GET /tasks/ | status=200
2026-07-15 14:41:14.566479 | OPTIONS /tasks/13/comments/ | status=200
2026-07-15 14:41:14.572505 | GET /tasks/13/comments/ | status=200
2026-07-15 14:41:27.541764 | OPTIONS /tasks/13/comments/ | status=200
2026-07-15 14:41:27.574127 | POST /tasks/13/comments/ | status=200
2026-07-15 14:41:27.586062 | GET /tasks/13/comments/ | status=200
2026-07-15 14:41:50.944560 | POST /users/login | status=200
2026-07-15 14:41:50.958861 | GET /tasks/ | status=200
2026-07-15 14:41:50.969316 | GET /tasks/ | status=200
2026-07-15 14:41:56.774859 | GET /tasks/my | status=200
2026-07-15 14:41:58.304228 | GET /tasks/13/comments/ | status=200
2026-07-15 15:25:18.426931 | OPTIONS /users/login | status=200
2026-07-15 15:25:18.436920 | POST /users/login | status=401
2026-07-15 15:25:29.449316 | POST /users/login | status=200
2026-07-15 15:25:29.491180 | OPTIONS /tasks/ | status=200
2026-07-15 15:25:29.495472 | OPTIONS /tasks/ | status=200
2026-07-15 15:25:29.504110 | GET /tasks/ | status=200
2026-07-15 15:25:29.510972 | GET /tasks/ | status=200
2026-07-15 15:25:39.022380 | OPTIONS /tasks/16 | status=200
2026-07-15 15:25:39.058820 | PUT /tasks/16 | status=200
2026-07-15 15:25:39.064348 | GET /tasks/ | status=200
2026-07-15 15:25:40.157525 | PUT /tasks/16 | status=200
2026-07-15 15:25:40.163038 | GET /tasks/ | status=200
2026-07-15 15:25:41.374024 | PUT /tasks/16 | status=200
2026-07-15 15:25:41.380141 | GET /tasks/ | status=200
2026-07-15 15:27:13.717114 | GET /docs | status=200
2026-07-15 15:27:14.144104 | GET /openapi.json | status=200
2026-07-15 15:28:36.304688 | GET /tasks/ | status=401
2026-07-15 15:31:06.188365 | GET /tasks/ | status=401
2026-07-15 15:31:19.920094 | GET /tasks/ | status=401
2026-07-15 15:31:52.761296 | GET /tasks/ | status=200
2026-07-15 15:32:55.017483 | GET /tasks/ | status=200
2026-07-15 15:32:55.022644 | GET /tasks/ | status=200
2026-07-15 15:40:25.750376 | OPTIONS /users/login | status=200
2026-07-15 15:40:26.028118 | POST /users/login | status=200
2026-07-15 15:40:26.062538 | OPTIONS /tasks/ | status=200
2026-07-15 15:40:26.063429 | OPTIONS /tasks/ | status=200
2026-07-15 15:40:26.069179 | GET /tasks/ | status=200
2026-07-15 15:40:26.075423 | GET /tasks/ | status=200
2026-07-15 15:40:31.641433 | OPTIONS /users/ | status=200
2026-07-15 15:40:31.642943 | OPTIONS /users/ | status=200
2026-07-15 15:40:31.650065 | GET /users/ | status=200
2026-07-15 15:40:31.656314 | GET /users/ | status=200
2026-07-15 15:40:32.744716 | GET /tasks/ | status=200
2026-07-15 15:40:32.749614 | GET /tasks/ | status=200
2026-07-15 15:40:33.269402 | OPTIONS /projects/ | status=200
2026-07-15 15:40:33.270609 | OPTIONS /projects/ | status=200
2026-07-15 15:40:33.275301 | GET /projects/ | status=200
2026-07-15 15:40:33.280623 | GET /projects/ | status=200
2026-07-15 15:40:34.020781 | GET /tasks/ | status=200
2026-07-15 15:40:34.025541 | GET /tasks/ | status=200
