2026-06-29 16:30:51.726922 | OPTIONS /users/login | status=200
2026-06-29 16:32:30.556062 | OPTIONS /users/register | status=200
2026-06-29 16:39:14.610834 | GET /docs | status=200
2026-06-29 16:39:14.980318 | GET /openapi.json | status=200
2026-07-08 15:44:10.519520 | GET / | status=200
2026-07-08 15:44:10.672238 | GET /favicon.ico | status=404
2026-07-08 15:44:28.854251 | GET / | status=200
2026-07-08 15:44:28.955963 | GET /favicon.ico | status=404
2026-07-08 15:47:43.953572 | OPTIONS /users/register | status=200
2026-07-08 15:47:44.294185 | POST /users/register | status=201
2026-07-08 15:48:40.480498 | OPTIONS /users/login | status=200
2026-07-08 15:48:40.837227 | POST /users/login | status=200
2026-07-08 15:48:40.906169 | OPTIONS /tasks/ | status=200
2026-07-08 15:48:40.908310 | OPTIONS /tasks/ | status=200
2026-07-08 15:48:40.920232 | GET /tasks/ | status=200
2026-07-08 15:48:40.935876 | GET /tasks/ | status=200
2026-07-08 15:48:52.210782 | OPTIONS /tasks/ | status=200
2026-07-08 15:48:52.220801 | GET /tasks/ | status=200
2026-07-08 15:48:55.062504 | OPTIONS /users/ | status=200
2026-07-08 15:48:55.064242 | OPTIONS /users/ | status=200
2026-07-08 15:48:55.068959 | GET /users/ | status=200
2026-07-08 15:48:55.075937 | GET /users/ | status=200
2026-07-08 15:48:59.024191 | GET /tasks/ | status=200
2026-07-08 15:48:59.035196 | GET /tasks/ | status=200
2026-07-08 15:55:14.264242 | OPTIONS /users/login | status=200
2026-07-08 15:55:15.064557 | POST /users/login | status=200
2026-07-08 15:55:15.181523 | OPTIONS /tasks/ | status=200
2026-07-08 15:55:15.184580 | OPTIONS /tasks/ | status=200
2026-07-08 15:55:15.197099 | GET /tasks/ | status=200
2026-07-08 15:55:15.214013 | GET /tasks/ | status=200
2026-07-08 15:55:19.125816 | OPTIONS /projects/ | status=200
2026-07-08 15:55:19.127699 | OPTIONS /projects/ | status=200
2026-07-08 15:55:19.172005 | GET /projects/ | status=200
2026-07-08 15:55:19.186494 | GET /projects/ | status=200
2026-07-08 15:55:21.021555 | OPTIONS /users/ | status=200
2026-07-08 15:55:21.023694 | OPTIONS /users/ | status=200
2026-07-08 15:55:21.032982 | GET /users/ | status=200
2026-07-08 15:55:21.043796 | GET /users/ | status=200
2026-07-08 15:55:22.133736 | GET /tasks/ | status=200
2026-07-08 15:55:22.146483 | GET /tasks/ | status=200
2026-07-08 16:15:31.555163 | OPTIONS /users/login | status=200
2026-07-08 16:15:31.875884 | POST /users/login | status=200
2026-07-08 16:15:31.921367 | OPTIONS /tasks/ | status=200
2026-07-08 16:15:31.922302 | OPTIONS /tasks/ | status=200
2026-07-08 16:15:31.927675 | GET /tasks/ | status=200
2026-07-08 16:15:31.933204 | GET /tasks/ | status=200
2026-07-08 16:15:39.077203 | OPTIONS /projects/ | status=200
2026-07-08 16:15:39.080863 | OPTIONS /projects/ | status=200
2026-07-08 16:15:39.089837 | GET /projects/ | status=200
2026-07-08 16:15:39.098755 | GET /projects/ | status=200
2026-07-08 16:15:44.041684 | OPTIONS /users/ | status=200
2026-07-08 16:15:44.043929 | OPTIONS /users/ | status=200
2026-07-08 16:15:44.054607 | GET /users/ | status=200
2026-07-08 16:15:44.066096 | GET /users/ | status=200
2026-07-08 16:15:45.360754 | GET /tasks/ | status=200
2026-07-08 16:15:45.372070 | GET /tasks/ | status=200
2026-07-08 16:17:31.850007 | OPTIONS /users/login | status=200
2026-07-08 16:17:32.196802 | POST /users/login | status=200
2026-07-08 16:17:32.249318 | GET /tasks/ | status=200
2026-07-08 16:17:32.258809 | GET /tasks/ | status=200
2026-07-08 16:17:35.417511 | GET /projects/ | status=200
2026-07-08 16:17:35.424688 | GET /projects/ | status=200
2026-07-08 16:18:53.762960 | OPTIONS /users/login | status=200
2026-07-08 16:18:54.076095 | POST /users/login | status=200
2026-07-08 16:18:54.150415 | OPTIONS /tasks/ | status=200
2026-07-08 16:18:54.152430 | OPTIONS /tasks/ | status=200
2026-07-08 16:18:54.158989 | GET /tasks/ | status=200
2026-07-08 16:18:54.166783 | GET /tasks/ | status=200
2026-07-08 16:18:55.748222 | OPTIONS /projects/ | status=200
2026-07-08 16:18:55.750220 | OPTIONS /projects/ | status=200
2026-07-08 16:18:55.760183 | GET /projects/ | status=200
2026-07-08 16:18:55.771273 | GET /projects/ | status=200
2026-07-08 16:21:27.773695 | OPTIONS /projects/ | status=200
2026-07-08 16:25:15.060013 | GET /projects/ | status=200
2026-07-08 16:25:15.078361 | GET /projects/ | status=200
2026-07-08 16:25:36.715353 | POST /projects/ | status=201
2026-07-08 16:25:36.728345 | GET /projects/ | status=200
2026-07-08 16:25:44.414225 | GET /tasks/ | status=200
2026-07-08 16:25:44.425567 | GET /tasks/ | status=200
2026-07-08 16:25:48.659874 | GET /projects/ | status=200
2026-07-08 16:25:48.671791 | GET /projects/ | status=200
2026-07-08 16:30:19.867079 | OPTIONS /tasks/ | status=200
2026-07-08 16:31:02.804100 | POST /tasks/ | status=201
2026-07-08 16:31:02.821177 | GET /tasks/ | status=200
2026-07-08 16:31:21.135503 | OPTIONS /tasks/ | status=200
2026-07-08 16:31:21.147009 | GET /tasks/ | status=200
2026-07-08 16:31:22.528123 | OPTIONS /tasks/ | status=200
2026-07-08 16:31:22.539356 | GET /tasks/ | status=200
2026-07-08 16:31:23.716436 | OPTIONS /tasks/ | status=200
2026-07-08 16:31:23.730843 | GET /tasks/ | status=200
2026-07-08 16:31:25.051559 | GET /tasks/ | status=200
2026-07-08 16:32:03.451003 | POST /tasks/ | status=201
2026-07-08 16:32:03.462973 | GET /tasks/ | status=200
2026-07-08 16:32:27.178470 | POST /tasks/ | status=201
2026-07-08 16:32:27.190391 | GET /tasks/ | status=200
2026-07-08 16:32:29.786776 | GET /tasks/ | status=200
2026-07-08 16:32:31.267431 | GET /tasks/ | status=200
2026-07-08 16:32:32.648914 | GET /tasks/ | status=200
2026-07-08 16:32:34.023210 | GET /tasks/ | status=200
2026-07-08 16:32:41.827301 | OPTIONS /tasks/ | status=200
2026-07-08 16:32:41.876383 | GET /tasks/ | status=200
2026-07-08 16:32:43.034033 | OPTIONS /tasks/ | status=200
2026-07-08 16:32:43.044926 | GET /tasks/ | status=200
2026-07-08 16:32:44.582020 | OPTIONS /tasks/ | status=200
2026-07-08 16:32:44.592820 | GET /tasks/ | status=200
2026-07-08 16:32:50.033590 | OPTIONS /users/ | status=200
2026-07-08 16:32:50.035888 | OPTIONS /users/ | status=200
2026-07-08 16:32:50.049324 | GET /users/ | status=200
2026-07-08 16:32:50.060779 | GET /users/ | status=200
2026-07-08 16:32:55.037887 | GET /tasks/ | status=200
2026-07-08 16:32:55.050932 | GET /tasks/ | status=200
2026-07-08 16:32:56.222650 | GET /users/ | status=200
2026-07-08 16:32:56.233646 | GET /users/ | status=200
2026-07-08 16:32:57.026223 | OPTIONS /projects/ | status=200
2026-07-08 16:32:57.031104 | OPTIONS /projects/ | status=200
2026-07-08 16:32:57.041844 | GET /projects/ | status=200
2026-07-08 16:32:57.054651 | GET /projects/ | status=200
2026-07-08 16:32:58.327336 | GET /tasks/ | status=200
2026-07-08 16:32:58.338328 | GET /tasks/ | status=200
2026-07-08 16:33:44.449419 | OPTIONS /users/register | status=200
2026-07-08 16:33:45.157099 | POST /users/register | status=201
2026-07-08 16:34:18.452473 | POST /users/register | status=201
2026-07-08 16:34:45.781286 | OPTIONS /users/login | status=200
2026-07-08 16:34:45.797955 | POST /users/login | status=401
2026-07-08 16:34:50.046646 | POST /users/login | status=401
2026-07-08 16:34:52.986325 | POST /users/login | status=401
2026-07-08 16:35:01.140158 | POST /users/login | status=401
2026-07-08 16:35:02.312760 | POST /users/login | status=401
2026-07-08 16:35:02.964960 | POST /users/login | status=401
2026-07-08 16:35:22.878479 | POST /users/login | status=401
2026-07-08 16:35:28.034344 | POST /users/login | status=401
2026-07-08 16:36:00.738836 | POST /users/register | status=201
2026-07-08 16:36:20.158250 | POST /users/login | status=200
2026-07-08 16:36:20.183764 | GET /tasks/ | status=200
2026-07-08 16:36:20.193456 | GET /tasks/ | status=200
2026-07-08 16:36:23.452710 | GET /users/ | status=200
2026-07-08 16:36:23.469557 | GET /users/ | status=200
2026-07-08 16:36:32.318190 | GET /tasks/ | status=200
2026-07-08 16:36:32.334429 | GET /tasks/ | status=200
2026-07-08 16:36:35.105748 | GET /tasks/ | status=200
2026-07-08 16:36:36.491916 | OPTIONS /tasks/ | status=200
2026-07-08 16:36:36.548977 | GET /tasks/ | status=200
2026-07-08 16:36:41.028439 | GET /projects/ | status=200
2026-07-08 16:36:41.042400 | GET /projects/ | status=200
2026-07-08 16:37:22.526376 | OPTIONS /projects/ | status=200
2026-07-08 16:37:22.602383 | POST /projects/ | status=201
2026-07-08 16:37:22.621028 | GET /projects/ | status=200
2026-07-08 16:37:36.103953 | POST /projects/ | status=201
2026-07-08 16:37:36.121098 | GET /projects/ | status=200
2026-07-08 17:07:06.901578 | OPTIONS /projects/ | status=200
2026-07-08 17:07:06.905978 | OPTIONS /projects/ | status=200
2026-07-08 17:07:06.919527 | GET /projects/ | status=200
2026-07-08 17:07:06.946707 | GET /projects/ | status=200
2026-07-08 17:19:14.092703 | OPTIONS /projects/ | status=200
2026-07-08 17:19:14.095244 | OPTIONS /projects/ | status=200
2026-07-08 17:19:14.101529 | GET /projects/ | status=200
2026-07-08 17:19:14.107480 | GET /projects/ | status=200
2026-07-08 17:21:08.025951 | GET /projects/ | status=200
2026-07-08 17:21:08.034464 | GET /projects/ | status=200
2026-07-08 17:21:10.200767 | OPTIONS /tasks/ | status=200
2026-07-08 17:21:10.207465 | OPTIONS /tasks/ | status=200
2026-07-08 17:21:10.219347 | GET /tasks/ | status=200
2026-07-08 17:21:10.232141 | GET /tasks/ | status=200
2026-07-08 17:21:10.857737 | OPTIONS /users/ | status=200
2026-07-08 17:21:10.860511 | OPTIONS /users/ | status=200
2026-07-08 17:21:10.887157 | GET /users/ | status=200
2026-07-08 17:21:10.899800 | GET /users/ | status=200
2026-07-08 17:21:11.247449 | GET /tasks/ | status=200
2026-07-08 17:21:11.261377 | GET /tasks/ | status=200
2026-07-08 17:21:47.843514 | OPTIONS /users/register | status=200
2026-07-08 17:21:48.560490 | POST /users/register | status=201
2026-07-08 17:22:26.166638 | OPTIONS /users/login | status=200
2026-07-08 17:22:26.213928 | POST /users/login | status=422
2026-07-08 17:22:44.849647 | POST /users/login | status=200
2026-07-08 17:22:44.874557 | GET /tasks/ | status=200
2026-07-08 17:22:44.882240 | GET /tasks/ | status=200
2026-07-08 17:22:51.029839 | GET /projects/ | status=200
2026-07-08 17:22:51.043138 | GET /projects/ | status=200
2026-07-08 17:22:53.658940 | GET /tasks/ | status=200
2026-07-08 17:22:53.674315 | GET /tasks/ | status=200
2026-07-08 17:22:55.909398 | OPTIONS /tasks/ | status=200
2026-07-08 17:22:55.921085 | GET /tasks/ | status=200
2026-07-08 17:22:57.094525 | OPTIONS /tasks/ | status=200
2026-07-08 17:22:57.107014 | GET /tasks/ | status=200
2026-07-08 17:22:58.567545 | OPTIONS /tasks/ | status=200
2026-07-08 17:22:58.580333 | GET /tasks/ | status=200
2026-07-08 17:22:59.889017 | OPTIONS /tasks/ | status=200
2026-07-08 17:22:59.940094 | GET /tasks/ | status=200
2026-07-08 17:23:01.476936 | OPTIONS /tasks/ | status=200
2026-07-08 17:23:01.486218 | GET /tasks/ | status=200
2026-07-08 17:23:03.788740 | OPTIONS /tasks/ | status=200
2026-07-08 17:23:03.799678 | GET /tasks/ | status=200
2026-07-08 17:23:06.083791 | OPTIONS /tasks/ | status=200
2026-07-08 17:23:06.096092 | GET /tasks/ | status=200
2026-07-08 17:23:07.202019 | GET /tasks/ | status=200
2026-07-08 17:23:08.785966 | OPTIONS /tasks/ | status=200
2026-07-08 17:23:08.798129 | GET /tasks/ | status=200
2026-07-08 17:23:11.849417 | GET /projects/ | status=200
2026-07-08 17:23:11.863270 | GET /projects/ | status=200
2026-07-08 17:23:13.899063 | GET /tasks/ | status=200
2026-07-08 17:23:13.912216 | GET /tasks/ | status=200
2026-07-08 17:23:16.245303 | OPTIONS /tasks/ | status=200
2026-07-08 17:23:16.259252 | GET /tasks/ | status=200
2026-07-08 17:23:17.573584 | GET /tasks/ | status=200
2026-07-08 17:23:18.729535 | OPTIONS /tasks/ | status=200
2026-07-08 17:23:18.740142 | GET /tasks/ | status=200
2026-07-08 17:23:31.130319 | GET /tasks/ | status=200
2026-07-08 17:23:33.465279 | OPTIONS /tasks/ | status=200
2026-07-08 17:23:33.477219 | GET /tasks/ | status=200
2026-07-08 17:23:38.825585 | OPTIONS /tasks/ | status=200
2026-07-08 17:23:38.835656 | GET /tasks/ | status=200
2026-07-08 17:23:39.329413 | OPTIONS /tasks/ | status=200
2026-07-08 17:23:39.339610 | GET /tasks/ | status=200
2026-07-08 17:23:39.363632 | OPTIONS /tasks/ | status=200
2026-07-08 17:23:39.377954 | GET /tasks/ | status=200
2026-07-08 17:23:39.394742 | OPTIONS /tasks/ | status=200
2026-07-08 17:23:39.410243 | GET /tasks/ | status=200
2026-07-08 17:23:39.427908 | OPTIONS /tasks/ | status=200
2026-07-08 17:23:39.441570 | GET /tasks/ | status=200
2026-07-08 17:23:39.461523 | OPTIONS /tasks/ | status=200
2026-07-08 17:23:39.477450 | GET /tasks/ | status=200
2026-07-08 17:23:39.491334 | OPTIONS /tasks/ | status=200
2026-07-08 17:23:39.505164 | GET /tasks/ | status=200
2026-07-08 17:23:39.525363 | OPTIONS /tasks/ | status=200
2026-07-08 17:23:39.544077 | GET /tasks/ | status=200
2026-07-08 17:23:39.557105 | OPTIONS /tasks/ | status=200
2026-07-08 17:23:39.573108 | GET /tasks/ | status=200
2026-07-08 17:23:39.589764 | OPTIONS /tasks/ | status=200
2026-07-08 17:23:39.632186 | OPTIONS /tasks/ | status=200
2026-07-08 17:23:39.642522 | GET /tasks/ | status=200
2026-07-08 17:23:39.649887 | GET /tasks/ | status=200
2026-07-08 17:23:39.655470 | OPTIONS /tasks/ | status=200
2026-07-08 17:23:39.669817 | GET /tasks/ | status=200
2026-07-08 17:23:39.685130 | OPTIONS /tasks/ | status=200
2026-07-08 17:23:39.698994 | GET /tasks/ | status=200
2026-07-08 17:23:39.717556 | OPTIONS /tasks/ | status=200
2026-07-08 17:23:39.731501 | GET /tasks/ | status=200
2026-07-08 17:23:39.748116 | OPTIONS /tasks/ | status=200
2026-07-08 17:23:39.781686 | OPTIONS /tasks/ | status=200
2026-07-08 17:23:39.806350 | GET /tasks/ | status=200
2026-07-08 17:23:39.810352 | GET /tasks/ | status=200
2026-07-08 17:23:39.816972 | OPTIONS /tasks/ | status=200
2026-07-08 17:23:39.831085 | GET /tasks/ | status=200
2026-07-08 17:23:39.848352 | OPTIONS /tasks/ | status=200
2026-07-08 17:23:39.862851 | GET /tasks/ | status=200
2026-07-08 17:23:39.877813 | OPTIONS /tasks/ | status=200
2026-07-08 17:23:39.892681 | GET /tasks/ | status=200
2026-07-08 17:23:39.910682 | OPTIONS /tasks/ | status=200
2026-07-08 17:23:39.925351 | GET /tasks/ | status=200
2026-07-08 17:23:39.941692 | OPTIONS /tasks/ | status=200
2026-07-08 17:23:39.974788 | OPTIONS /tasks/ | status=200
2026-07-08 17:23:39.984031 | GET /tasks/ | status=200
2026-07-08 17:23:39.991172 | GET /tasks/ | status=200
2026-07-08 17:23:40.006115 | OPTIONS /tasks/ | status=200
2026-07-08 17:23:40.020174 | GET /tasks/ | status=200
2026-07-08 17:23:40.039531 | OPTIONS /tasks/ | status=200
2026-07-08 17:23:40.054263 | GET /tasks/ | status=200
2026-07-08 17:23:40.073295 | OPTIONS /tasks/ | status=200
2026-07-08 17:23:40.085654 | GET /tasks/ | status=200
2026-07-08 17:23:40.102656 | OPTIONS /tasks/ | status=200
2026-07-08 17:23:40.133985 | OPTIONS /tasks/ | status=200
2026-07-08 17:23:40.155050 | GET /tasks/ | status=200
2026-07-08 17:23:40.159084 | GET /tasks/ | status=200
2026-07-08 17:23:40.179987 | GET /tasks/ | status=200
2026-07-08 17:23:48.588932 | OPTIONS /tasks/ | status=200
2026-07-08 17:23:48.598508 | GET /tasks/ | status=200
2026-07-08 17:23:53.057571 | GET /tasks/ | status=200
2026-07-08 17:24:13.287127 | POST /users/login | status=200
2026-07-08 17:24:13.309080 | GET /tasks/ | status=200
2026-07-08 17:24:13.318216 | GET /tasks/ | status=200
2026-07-08 17:24:17.428489 | OPTIONS /tasks/1 | status=200
2026-07-08 17:24:17.499877 | DELETE /tasks/1 | status=200
2026-07-08 17:24:17.519597 | GET /tasks/ | status=200
2026-07-08 17:24:21.609255 | GET /users/ | status=200
2026-07-08 17:24:21.625937 | GET /users/ | status=200
2026-07-08 17:24:26.958283 | GET /tasks/ | status=200
2026-07-08 17:24:26.972106 | GET /tasks/ | status=200
2026-07-08 17:24:30.482501 | GET /users/ | status=200
2026-07-08 17:24:30.498987 | GET /users/ | status=200
2026-07-08 17:24:37.647605 | GET /tasks/ | status=200
2026-07-08 17:24:37.661006 | GET /tasks/ | status=200
2026-07-08 17:24:38.434038 | GET /projects/ | status=200
2026-07-08 17:24:38.447800 | GET /projects/ | status=200
2026-07-08 17:24:38.989819 | GET /tasks/ | status=200
2026-07-08 17:24:39.001994 | GET /tasks/ | status=200
2026-07-08 17:24:39.698141 | GET /users/ | status=200
2026-07-08 17:24:39.713743 | GET /users/ | status=200
2026-07-08 17:24:40.247599 | GET /tasks/ | status=200
2026-07-08 17:24:40.258894 | GET /tasks/ | status=200
2026-07-08 17:25:46.952078 | OPTIONS /tasks/ | status=200
2026-07-08 17:25:47.000122 | POST /tasks/ | status=422
2026-07-08 17:25:50.120791 | POST /tasks/ | status=201
2026-07-08 17:25:50.130499 | GET /tasks/ | status=200
2026-07-08 17:26:00.802891 | GET /tasks/ | status=200
2026-07-08 17:26:02.188765 | GET /tasks/ | status=200
2026-07-08 17:26:03.368838 | GET /tasks/ | status=200
2026-07-08 17:26:35.396732 | GET /tasks/ | status=200
2026-07-08 17:26:38.605832 | OPTIONS /tasks/3 | status=200
2026-07-08 17:26:38.678240 | PUT /tasks/3 | status=200
2026-07-08 17:26:38.694278 | GET /tasks/ | status=200
2026-07-08 17:26:44.843343 | GET /tasks/ | status=200
2026-07-08 17:26:49.369799 | OPTIONS /tasks/4 | status=200
2026-07-08 17:26:49.440440 | PUT /tasks/4 | status=200
2026-07-08 17:26:49.455100 | GET /tasks/ | status=200
2026-07-08 17:26:52.775013 | OPTIONS /tasks/5 | status=200
2026-07-08 17:26:52.845253 | PUT /tasks/5 | status=200
2026-07-08 17:26:52.859982 | GET /tasks/ | status=200
2026-07-08 17:27:00.372431 | PUT /tasks/4 | status=200
2026-07-08 17:27:00.382830 | GET /tasks/ | status=200
2026-07-08 17:27:09.989039 | PUT /tasks/4 | status=200
2026-07-08 17:27:10.002654 | GET /tasks/ | status=200
2026-07-08 17:27:11.751915 | PUT /tasks/4 | status=200
2026-07-08 17:27:11.763387 | GET /tasks/ | status=200
2026-07-08 17:27:15.922229 | GET /tasks/ | status=200
2026-07-08 17:27:17.324021 | GET /tasks/ | status=200
2026-07-08 17:27:18.672954 | GET /tasks/ | status=200
2026-07-08 17:27:48.993054 | POST /tasks/ | status=201
2026-07-08 17:27:49.007233 | GET /tasks/ | status=200
2026-07-08 17:27:53.874121 | GET /tasks/ | status=200
2026-07-08 17:28:31.134739 | GET /projects/ | status=200
2026-07-08 17:28:31.149687 | GET /projects/ | status=200
2026-07-08 17:28:40.823351 | GET /tasks/ | status=200
2026-07-08 17:28:40.836852 | GET /tasks/ | status=200
2026-07-08 17:29:30.733701 | POST /tasks/ | status=201
2026-07-08 17:29:30.745942 | GET /tasks/ | status=200
2026-07-08 17:30:44.827836 | OPTIONS /projects/ | status=200
2026-07-08 17:30:44.831337 | OPTIONS /projects/ | status=200
2026-07-08 17:30:44.841447 | GET /projects/ | status=200
2026-07-08 17:30:44.854268 | GET /projects/ | status=200
2026-07-08 17:30:45.281544 | GET /tasks/ | status=200
2026-07-08 17:30:45.294649 | GET /tasks/ | status=200
2026-07-08 17:30:46.256864 | GET /projects/ | status=200
2026-07-08 17:30:46.266491 | GET /projects/ | status=200
2026-07-08 17:30:50.277678 | GET /tasks/ | status=200
2026-07-08 17:30:50.287475 | GET /tasks/ | status=200
2026-07-08 17:30:54.291461 | GET /users/ | status=200
2026-07-08 17:30:54.304188 | GET /users/ | status=200
2026-07-08 17:52:44.187507 | OPTIONS /users/ | status=200
2026-07-08 17:52:44.191757 | OPTIONS /users/ | status=200
2026-07-08 17:52:44.200189 | GET /users/ | status=200
2026-07-08 17:52:44.217815 | GET /users/ | status=200
